[INFO ] 21:01:13:01s: Setting hybridization function from Weiss function guess.
[WARN ] 21:01:13:01s: unexpected tail coefficient (Self energy flag not set?), only symmetric GF tested! Expected 1, got 0.249999
[WARN ] 21:01:13:01s: unexpected tail coefficient (Self energy flag not set?), only symmetric GF tested! Expected 1, got 0.249999
[INFO ] 21:01:13:01s: initializing rank 0. isGenerator ==1
[INFO ] 21:01:13:01s: MC Walker [0] at  (20%) of iteration 1. expansion order: 0
[INFO ] 21:01:13:01s: MC Walker [0] at  (40%) of iteration 1. expansion order: 0
[INFO ] 21:01:13:01s: MC Walker [0] at  (60%) of iteration 1. expansion order: 0
[INFO ] 21:01:13:01s: MC Walker [0] at  (80%) of iteration 1. expansion order: 0
[INFO ] 21:01:13:01s: MC Walker [0] at  (100%) of iteration 1. expansion order: 0
[INFO ] 21:01:13:01s: finished sampling. average expansion order: 0
[INFO ] 21:01:13:01s: measuring impurity Greens function
[DEBUG] 21:01:13:01s@void DMFT::StrongCoupling::computeImpGF(): steps: 4294937396, vs total sign: 0
[INFO ] 21:01:13:01s: forcing paramagnetic solution
[INFO ] 21:01:13:01s: Writing results
[INFO ] 21:01:13:01s: Computing new Weiss Green's function
[INFO ] 21:01:48:01s: Setting hybridization function from Weiss function guess.
[WARN ] 21:01:48:01s: unexpected tail coefficient (Self energy flag not set?), only symmetric GF tested! Expected 1, got 0.249999
[WARN ] 21:01:48:01s: unexpected tail coefficient (Self energy flag not set?), only symmetric GF tested! Expected 1, got 0.249999
[INFO ] 21:01:48:01s: initializing rank 0. isGenerator ==1
[INFO ] 21:01:48:01s: MC Walker [0] at  (20%) of iteration 1. expansion order: 0
[INFO ] 21:01:48:01s: MC Walker [0] at  (40%) of iteration 1. expansion order: 0
[INFO ] 21:01:48:01s: MC Walker [0] at  (60%) of iteration 1. expansion order: 0
[INFO ] 21:01:48:01s: MC Walker [0] at  (80%) of iteration 1. expansion order: 0
[INFO ] 21:01:48:01s: MC Walker [0] at  (100%) of iteration 1. expansion order: 0
[INFO ] 21:01:48:01s: finished sampling. average expansion order: 0
[INFO ] 21:01:48:01s: measuring impurity Greens function
[DEBUG] 21:01:48:01s@void DMFT::StrongCoupling::computeImpGF(): steps: 100, vs total sign: 100
[INFO ] 21:01:48:01s: forcing paramagnetic solution
[INFO ] 21:01:48:01s: Writing results
[INFO ] 21:01:48:01s: Computing new Weiss Green's function
[INFO ] 21:02:23:02s: Setting hybridization function from Weiss function guess.
[WARN ] 21:02:23:02s: unexpected tail coefficient (Self energy flag not set?), only symmetric GF tested! Expected 1, got 0.249999
[WARN ] 21:02:23:02s: unexpected tail coefficient (Self energy flag not set?), only symmetric GF tested! Expected 1, got 0.249999
[INFO ] 21:02:23:02s: initializing rank 0. isGenerator ==1
[INFO ] 21:02:23:02s: MC Walker [0] at  (20%) of iteration 1. expansion order: 0
[ERROR] 21:02:23:02s: wrong sign for f = 0. expected 1 = -1 * -1 but got 1
[ERROR] 21:02:23:02s: wrong sign for f = 1. expected -1 = 1 * -1 but got -1
[ERROR] 21:02:23:02s: wrong sign for f = 0. expected 1 = -1 * -1 but got 1
[ERROR] 21:02:23:02s: wrong sign for f = 1. expected -1 = 1 * -1 but got -1
[ERROR] 21:02:23:02s: wrong sign for f = 0. expected 1 = -1 * -1 but got 1
[ERROR] 21:02:23:02s: wrong sign for f = 1. expected -1 = 1 * -1 but got -1
[ERROR] 21:02:23:02s: wrong sign for f = 0. expected 1 = -1 * -1 but got 1
[ERROR] 21:02:23:02s: wrong sign for f = 1. expected -1 = 1 * -1 but got -1
[ERROR] 21:02:23:02s: wrong sign for f = 0. expected 1 = -1 * -1 but got 1
[ERROR] 21:02:23:02s: wrong sign for f = 1. expected -1 = 1 * -1 but got -1
[ERROR] 21:02:23:02s: wrong sign for f = 0. expected 1 = -1 * -1 but got 1
[ERROR] 21:02:23:02s: wrong sign for f = 1. expected -1 = 1 * -1 but got -1
[ERROR] 21:02:23:02s: wrong sign for f = 0. expected 1 = -1 * -1 but got 1
[ERROR] 21:02:23:02s: wrong sign for f = 1. expected -1 = 1 * -1 but got -1
[ERROR] 21:02:23:02s: wrong sign for f = 0. expected 1 = -1 * -1 but got 1
[ERROR] 21:02:23:02s: wrong sign for f = 1. expected -1 = 1 * -1 but got -1
[ERROR] 21:02:23:02s: wrong sign for f = 0. expected 1 = -1 * -1 but got 1
[ERROR] 21:02:23:02s: wrong sign for f = 1. expected -1 = 1 * -1 but got -1
[ERROR] 21:02:23:02s: wrong sign for f = 0. expected 1 = -1 * -1 but got 1
[ERROR] 21:02:23:02s: wrong sign for f = 1. expected -1 = 1 * -1 but got -1
[ERROR] 21:02:23:02s: wrong sign for f = 0. expected 1 = -1 * -1 but got 1
[ERROR] 21:02:23:02s: wrong sign for f = 1. expected -1 = 1 * -1 but got -1
[ERROR] 21:02:23:02s: wrong sign for f = 0. expected 1 = -1 * -1 but got 1
[ERROR] 21:02:23:02s: wrong sign for f = 1. expected -1 = 1 * -1 but got -1
[ERROR] 21:02:23:02s: wrong sign for f = 0. expected 1 = -1 * -1 but got 1
[ERROR] 21:02:23:02s: wrong sign for f = 1. expected -1 = 1 * -1 but got -1
[ERROR] 21:02:23:02s: wrong sign for f = 0. expected 1 = -1 * -1 but got 1
[ERROR] 21:02:23:02s: wrong sign for f = 1. expected -1 = 1 * -1 but got -1
[ERROR] 21:02:23:02s: wrong sign for f = 0. expected 1 = -1 * -1 but got 1
[ERROR] 21:02:23:02s: wrong sign for f = 1. expected -1 = 1 * -1 but got -1
[ERROR] 21:02:23:02s: wrong sign for f = 0. expected 1 = -1 * -1 but got 1
[ERROR] 21:02:23:02s: wrong sign for f = 1. expected -1 = 1 * -1 but got -1
[ERROR] 21:02:23:02s: wrong sign for f = 0. expected 1 = -1 * -1 but got 1
[ERROR] 21:02:23:02s: wrong sign for f = 1. expected -1 = 1 * -1 but got -1
[ERROR] 21:02:23:02s: wrong sign for f = 0. expected 1 = -1 * -1 but got 1
[ERROR] 21:02:23:02s: wrong sign for f = 1. expected -1 = 1 * -1 but got -1
[ERROR] 21:02:23:02s: wrong sign for f = 0. expected 1 = -1 * -1 but got 1
[ERROR] 21:02:23:02s: wrong sign for f = 1. expected -1 = 1 * -1 but got -1
[ERROR] 21:02:23:02s: wrong sign for f = 0. expected 1 = -1 * -1 but got 1
[ERROR] 21:02:23:02s: wrong sign for f = 1. expected -1 = 1 * -1 but got -1
[ERROR] 21:02:23:02s: wrong sign for f = 0. expected 1 = -1 * -1 but got 1
[ERROR] 21:02:23:02s: wrong sign for f = 1. expected -1 = 1 * -1 but got -1
[ERROR] 21:02:23:02s: wrong sign for f = 0. expected 1 = -1 * -1 but got 1
[ERROR] 21:02:23:02s: wrong sign for f = 1. expected -1 = 1 * -1 but got -1
[ERROR] 21:02:23:02s: wrong sign for f = 0. expected 1 = -1 * -1 but got 1
[ERROR] 21:02:23:02s: wrong sign for f = 1. expected -1 = 1 * -1 but got -1
[ERROR] 21:02:23:02s: wrong sign for f = 0. expected 1 = -1 * -1 but got 1
[ERROR] 21:02:23:02s: wrong sign for f = 1. expected -1 = 1 * -1 but got -1
[ERROR] 21:02:23:02s: wrong sign for f = 0. expected 1 = -1 * -1 but got 1
[ERROR] 21:02:23:02s: wrong sign for f = 1. expected -1 = 1 * -1 but got -1
[ERROR] 21:02:23:02s: wrong sign for f = 0. expected 1 = -1 * -1 but got 1
[ERROR] 21:02:23:02s: wrong sign for f = 1. expected -1 = 1 * -1 but got -1
[ERROR] 21:02:23:02s: wrong sign for f = 0. expected 1 = -1 * -1 but got 1
[ERROR] 21:02:23:02s: wrong sign for f = 1. expected -1 = 1 * -1 but got -1
[ERROR] 21:02:23:02s: wrong sign for f = 0. expected 1 = -1 * -1 but got 1
[ERROR] 21:02:23:02s: wrong sign for f = 1. expected -1 = 1 * -1 but got -1
[ERROR] 21:02:23:02s: wrong sign for f = 0. expected 1 = -1 * -1 but got 1
[ERROR] 21:02:23:02s: wrong sign for f = 1. expected -1 = 1 * -1 but got -1
[ERROR] 21:02:23:02s: wrong sign for f = 0. expected 1 = -1 * -1 but got 1
[ERROR] 21:02:23:02s: wrong sign for f = 1. expected -1 = 1 * -1 but got -1
[ERROR] 21:02:23:02s: wrong sign for f = 0. expected 1 = -1 * -1 but got 1
[ERROR] 21:02:23:02s: wrong sign for f = 1. expected -1 = 1 * -1 but got -1
[ERROR] 21:02:23:02s: wrong sign for f = 0. expected 1 = -1 * -1 but got 1
[ERROR] 21:02:23:02s: wrong sign for f = 1. expected -1 = 1 * -1 but got -1
[ERROR] 21:02:23:02s: wrong sign for f = 0. expected 1 = -1 * -1 but got 1
[ERROR] 21:02:23:02s: wrong sign for f = 1. expected -1 = 1 * -1 but got -1
[ERROR] 21:02:23:02s: wrong sign for f = 0. expected 1 = -1 * -1 but got 1
[ERROR] 21:02:23:02s: wrong sign for f = 1. expected -1 = 1 * -1 but got -1
[ERROR] 21:02:23:02s: wrong sign for f = 0. expected 1 = -1 * -1 but got 1
[ERROR] 21:02:23:02s: wrong sign for f = 1. expected -1 = 1 * -1 but got -1
[ERROR] 21:02:23:02s: wrong sign for f = 0. expected 1 = -1 * -1 but got 1
[ERROR] 21:02:23:02s: wrong sign for f = 1. expected -1 = 1 * -1 but got -1
[ERROR] 21:02:23:02s: wrong sign for f = 0. expected 1 = -1 * -1 but got 1
[ERROR] 21:02:23:02s: wrong sign for f = 1. expected -1 = 1 * -1 but got -1
[ERROR] 21:02:23:02s: wrong sign for f = 0. expected 1 = -1 * -1 but got 1
[ERROR] 21:02:23:02s: wrong sign for f = 1. expected -1 = 1 * -1 but got -1
[ERROR] 21:02:23:02s: wrong sign for f = 0. expected 1 = -1 * -1 but got 1
[ERROR] 21:02:23:02s: wrong sign for f = 1. expected 1 = 1 * 1 but got -1
[INFO ] 21:02:23:02s: MC Walker [0] at  (40%) of iteration 1. expansion order: 0
[ERROR] 21:02:23:02s: wrong sign for f = 0. expected 1 = -1 * -1 but got 1
[ERROR] 21:02:23:02s: wrong sign for f = 1. expected 1 = 1 * 1 but got -1
[ERROR] 21:02:23:02s: wrong sign for f = 0. expected 1 = -1 * -1 but got 1
[ERROR] 21:02:23:02s: wrong sign for f = 1. expected 1 = 1 * 1 but got -1
[ERROR] 21:02:23:02s: wrong sign for f = 0. expected 1 = -1 * -1 but got 1
[ERROR] 21:02:23:02s: wrong sign for f = 1. expected 1 = 1 * 1 but got -1
[ERROR] 21:02:23:02s: wrong sign for f = 0. expected 1 = -1 * -1 but got 1
[ERROR] 21:02:23:02s: wrong sign for f = 1. expected 1 = 1 * 1 but got -1
[ERROR] 21:02:23:02s: wrong sign for f = 0. expected 1 = -1 * -1 but got 1
[ERROR] 21:02:23:02s: wrong sign for f = 1. expected 1 = 1 * 1 but got -1
[ERROR] 21:02:23:02s: wrong sign for f = 0. expected 1 = -1 * -1 but got 1
[ERROR] 21:02:23:02s: wrong sign for f = 1. expected 1 = 1 * 1 but got -1
[ERROR] 21:02:23:02s: wrong sign for f = 0. expected 1 = -1 * -1 but got 1
[ERROR] 21:02:23:02s: wrong sign for f = 1. expected 1 = 1 * 1 but got -1
[ERROR] 21:02:23:02s: wrong sign for f = 0. expected 1 = -1 * -1 but got 1
[ERROR] 21:02:23:02s: wrong sign for f = 1. expected -1 = 1 * -1 but got -1
[ERROR] 21:02:23:02s: wrong sign for f = 0. expected 1 = -1 * -1 but got 1
[ERROR] 21:02:23:02s: wrong sign for f = 1. expected -1 = 1 * -1 but got -1
[ERROR] 21:02:23:02s: wrong sign for f = 0. expected 1 = -1 * -1 but got 1
[ERROR] 21:02:23:02s: wrong sign for f = 1. expected -1 = 1 * -1 but got -1
[ERROR] 21:02:23:02s: wrong sign for f = 0. expected 1 = -1 * -1 but got 1
[ERROR] 21:02:23:02s: wrong sign for f = 1. expected -1 = 1 * -1 but got -1
[ERROR] 21:02:23:02s: wrong sign for f = 0. expected 1 = -1 * -1 but got 1
[ERROR] 21:02:23:02s: wrong sign for f = 1. expected -1 = 1 * -1 but got -1
[ERROR] 21:02:23:02s: wrong sign for f = 0. expected 1 = -1 * -1 but got 1
[ERROR] 21:02:23:02s: wrong sign for f = 1. expected -1 = 1 * -1 but got -1
[ERROR] 21:02:23:02s: wrong sign for f = 0. expected 1 = -1 * -1 but got 1
[ERROR] 21:02:23:02s: wrong sign for f = 1. expected -1 = 1 * -1 but got -1
[ERROR] 21:02:23:02s: wrong sign for f = 0. expected 1 = -1 * -1 but got 1
[ERROR] 21:02:23:02s: wrong sign for f = 1. expected -1 = 1 * -1 but got -1
[ERROR] 21:02:23:02s: wrong sign for f = 0. expected 1 = -1 * -1 but got 1
[ERROR] 21:02:23:02s: wrong sign for f = 1. expected -1 = 1 * -1 but got -1
[ERROR] 21:02:23:02s: wrong sign for f = 0. expected 1 = -1 * -1 but got 1
[ERROR] 21:02:23:02s: wrong sign for f = 1. expected -1 = 1 * -1 but got -1
[ERROR] 21:02:23:02s: wrong sign for f = 0. expected 1 = -1 * -1 but got 1
[ERROR] 21:02:23:02s: wrong sign for f = 1. expected -1 = 1 * -1 but got -1
[ERROR] 21:02:23:02s: wrong sign for f = 0. expected 1 = -1 * -1 but got 1
[ERROR] 21:02:23:02s: wrong sign for f = 1. expected -1 = 1 * -1 but got -1
[ERROR] 21:02:23:02s: wrong sign for f = 0. expected 1 = -1 * -1 but got 1
[ERROR] 21:02:23:02s: wrong sign for f = 1. expected -1 = 1 * -1 but got -1
[ERROR] 21:02:23:02s: wrong sign for f = 0. expected 1 = -1 * -1 but got 1
[ERROR] 21:02:23:02s: wrong sign for f = 1. expected -1 = 1 * -1 but got -1
[ERROR] 21:02:23:02s: wrong sign for f = 0. expected 1 = -1 * -1 but got 1
[ERROR] 21:02:23:02s: wrong sign for f = 1. expected -1 = 1 * -1 but got -1
[ERROR] 21:02:23:02s: wrong sign for f = 0. expected 1 = -1 * -1 but got 1
[ERROR] 21:02:23:02s: wrong sign for f = 1. expected -1 = 1 * -1 but got -1
[ERROR] 21:02:23:02s: wrong sign for f = 0. expected 1 = -1 * -1 but got 1
[ERROR] 21:02:23:02s: wrong sign for f = 1. expected -1 = 1 * -1 but got -1
[ERROR] 21:02:23:02s: wrong sign for f = 0. expected 1 = -1 * -1 but got 1
[ERROR] 21:02:23:02s: wrong sign for f = 1. expected -1 = 1 * -1 but got -1
[ERROR] 21:02:23:02s: wrong sign for f = 0. expected 1 = -1 * -1 but got 1
[ERROR] 21:02:23:02s: wrong sign for f = 1. expected -1 = 1 * -1 but got -1
[ERROR] 21:02:23:02s: wrong sign for f = 0. expected 1 = -1 * -1 but got 1
[ERROR] 21:02:23:02s: wrong sign for f = 1. expected -1 = 1 * -1 but got -1
[ERROR] 21:02:23:02s: wrong sign for f = 0. expected 1 = -1 * -1 but got 1
[ERROR] 21:02:23:02s: wrong sign for f = 1. expected -1 = 1 * -1 but got -1
[ERROR] 21:02:23:02s: wrong sign for f = 0. expected 1 = -1 * -1 but got 1
[ERROR] 21:02:23:02s: wrong sign for f = 1. expected -1 = 1 * -1 but got -1
[ERROR] 21:02:23:02s: wrong sign for f = 0. expected 1 = -1 * -1 but got 1
[ERROR] 21:02:23:02s: wrong sign for f = 1. expected -1 = 1 * -1 but got -1
[ERROR] 21:02:23:02s: wrong sign for f = 0. expected 1 = -1 * -1 but got 1
[ERROR] 21:02:23:02s: wrong sign for f = 1. expected -1 = 1 * -1 but got -1
[ERROR] 21:02:23:02s: wrong sign for f = 0. expected 1 = -1 * -1 but got 1
[ERROR] 21:02:23:02s: wrong sign for f = 1. expected -1 = 1 * -1 but got -1
[ERROR] 21:02:23:02s: wrong sign for f = 0. expected 1 = -1 * -1 but got 1
[ERROR] 21:02:23:02s: wrong sign for f = 1. expected -1 = 1 * -1 but got -1
[ERROR] 21:02:23:02s: wrong sign for f = 0. expected 1 = -1 * -1 but got 1
[ERROR] 21:02:23:02s: wrong sign for f = 1. expected -1 = 1 * -1 but got -1
[ERROR] 21:02:23:02s: wrong sign for f = 0. expected 1 = -1 * -1 but got 1
[ERROR] 21:02:23:02s: wrong sign for f = 1. expected -1 = 1 * -1 but got -1
[ERROR] 21:02:23:02s: wrong sign for f = 0. expected 1 = -1 * -1 but got 1
[ERROR] 21:02:23:02s: wrong sign for f = 1. expected -1 = 1 * -1 but got -1
[ERROR] 21:02:23:02s: wrong sign for f = 0. expected 1 = -1 * -1 but got 1
[ERROR] 21:02:23:02s: wrong sign for f = 1. expected -1 = 1 * -1 but got -1
[ERROR] 21:02:23:02s: wrong sign for f = 0. expected 1 = -1 * -1 but got 1
[ERROR] 21:02:23:02s: wrong sign for f = 1. expected -1 = 1 * -1 but got -1
[ERROR] 21:02:23:02s: wrong sign for f = 0. expected 1 = -1 * -1 but got 1
[ERROR] 21:02:23:02s: wrong sign for f = 1. expected -1 = 1 * -1 but got -1
[ERROR] 21:02:23:02s: wrong sign for f = 0. expected 1 = -1 * -1 but got 1
[ERROR] 21:02:23:02s: wrong sign for f = 1. expected -1 = 1 * -1 but got -1
[ERROR] 21:02:23:02s: wrong sign for f = 0. expected 1 = -1 * -1 but got 1
[ERROR] 21:02:23:02s: wrong sign for f = 1. expected -1 = 1 * -1 but got -1
[ERROR] 21:02:23:02s: wrong sign for f = 0. expected 1 = -1 * -1 but got 1
[ERROR] 21:02:23:02s: wrong sign for f = 1. expected -1 = 1 * -1 but got -1
[ERROR] 21:02:23:02s: wrong sign for f = 0. expected 1 = -1 * -1 but got 1
[ERROR] 21:02:23:02s: wrong sign for f = 1. expected -1 = 1 * -1 but got -1
[ERROR] 21:02:23:02s: wrong sign for f = 0. expected 1 = -1 * -1 but got 1
[ERROR] 21:02:23:02s: wrong sign for f = 1. expected -1 = 1 * -1 but got -1
[ERROR] 21:02:23:02s: wrong sign for f = 0. expected 1 = -1 * -1 but got 1
[ERROR] 21:02:23:02s: wrong sign for f = 1. expected -1 = 1 * -1 but got -1
[ERROR] 21:02:23:02s: wrong sign for f = 0. expected 1 = -1 * -1 but got 1
[ERROR] 21:02:23:02s: wrong sign for f = 1. expected -1 = 1 * -1 but got -1
[ERROR] 21:02:23:02s: wrong sign for f = 0. expected 1 = -1 * -1 but got 1
[ERROR] 21:02:23:02s: wrong sign for f = 1. expected -1 = 1 * -1 but got -1
[ERROR] 21:02:23:02s: wrong sign for f = 0. expected 1 = -1 * -1 but got 1
[ERROR] 21:02:23:02s: wrong sign for f = 1. expected -1 = 1 * -1 but got -1
[ERROR] 21:02:23:02s: wrong sign for f = 0. expected 1 = -1 * -1 but got 1
[ERROR] 21:02:23:02s: wrong sign for f = 1. expected -1 = 1 * -1 but got -1
[ERROR] 21:02:23:02s: wrong sign for f = 0. expected 1 = -1 * -1 but got 1
[ERROR] 21:02:23:02s: wrong sign for f = 1. expected -1 = 1 * -1 but got -1
[ERROR] 21:02:23:02s: wrong sign for f = 0. expected 1 = -1 * -1 but got 1
[ERROR] 21:02:23:02s: wrong sign for f = 1. expected -1 = 1 * -1 but got -1
[ERROR] 21:02:23:02s: wrong sign for f = 0. expected 1 = -1 * -1 but got 1
[ERROR] 21:02:23:02s: wrong sign for f = 1. expected -1 = 1 * -1 but got -1
[ERROR] 21:02:23:02s: wrong sign for f = 0. expected 1 = -1 * -1 but got 1
[ERROR] 21:02:23:02s: wrong sign for f = 1. expected -1 = 1 * -1 but got -1
[ERROR] 21:02:23:02s: wrong sign for f = 0. expected 1 = -1 * -1 but got 1
[ERROR] 21:02:23:02s: wrong sign for f = 1. expected -1 = 1 * -1 but got -1
[ERROR] 21:02:23:02s: wrong sign for f = 0. expected 1 = -1 * -1 but got 1
[ERROR] 21:02:23:02s: wrong sign for f = 1. expected -1 = 1 * -1 but got -1
[ERROR] 21:02:23:02s: wrong sign for f = 0. expected 1 = -1 * -1 but got 1
[ERROR] 21:02:23:02s: wrong sign for f = 1. expected -1 = 1 * -1 but got -1
[ERROR] 21:02:23:02s: wrong sign for f = 0. expected 1 = -1 * -1 but got 1
[ERROR] 21:02:23:02s: wrong sign for f = 1. expected -1 = 1 * -1 but got -1
[ERROR] 21:02:23:02s: wrong sign for f = 0. expected 1 = -1 * -1 but got 1
[ERROR] 21:02:23:02s: wrong sign for f = 1. expected -1 = 1 * -1 but got -1
[ERROR] 21:02:23:02s: wrong sign for f = 0. expected 1 = -1 * -1 but got 1
[ERROR] 21:02:23:02s: wrong sign for f = 1. expected -1 = 1 * -1 but got -1
[ERROR] 21:02:23:02s: wrong sign for f = 0. expected 1 = -1 * -1 but got 1
[ERROR] 21:02:23:02s: wrong sign for f = 1. expected -1 = 1 * -1 but got -1
[ERROR] 21:02:23:02s: wrong sign for f = 0. expected 1 = -1 * -1 but got 1
[ERROR] 21:02:23:02s: wrong sign for f = 1. expected -1 = 1 * -1 but got -1
[ERROR] 21:02:23:02s: wrong sign for f = 0. expected 1 = -1 * -1 but got 1
[ERROR] 21:02:23:02s: wrong sign for f = 1. expected -1 = 1 * -1 but got -1
[ERROR] 21:02:23:02s: wrong sign for f = 0. expected 1 = -1 * -1 but got 1
[ERROR] 21:02:23:02s: wrong sign for f = 1. expected -1 = 1 * -1 but got -1
[ERROR] 21:02:23:02s: wrong sign for f = 0. expected 1 = -1 * -1 but got 1
[ERROR] 21:02:23:02s: wrong sign for f = 1. expected -1 = 1 * -1 but got -1
[ERROR] 21:02:23:02s: wrong sign for f = 0. expected 1 = -1 * -1 but got 1
[ERROR] 21:02:23:02s: wrong sign for f = 1. expected -1 = 1 * -1 but got -1
[ERROR] 21:02:23:02s: wrong sign for f = 0. expected 1 = -1 * -1 but got 1
[ERROR] 21:02:23:02s: wrong sign for f = 1. expected -1 = 1 * -1 but got -1
[ERROR] 21:02:23:02s: wrong sign for f = 0. expected 1 = -1 * -1 but got 1
[ERROR] 21:02:23:02s: wrong sign for f = 1. expected -1 = 1 * -1 but got -1
[ERROR] 21:02:23:02s: wrong sign for f = 0. expected 1 = -1 * -1 but got 1
[ERROR] 21:02:23:02s: wrong sign for f = 1. expected -1 = 1 * -1 but got -1
[ERROR] 21:02:23:02s: wrong sign for f = 0. expected 1 = -1 * -1 but got 1
[ERROR] 21:02:23:02s: wrong sign for f = 1. expected -1 = 1 * -1 but got -1
[ERROR] 21:02:23:02s: wrong sign for f = 0. expected 1 = -1 * -1 but got 1
[ERROR] 21:02:23:02s: wrong sign for f = 1. expected -1 = 1 * -1 but got -1
[ERROR] 21:02:23:02s: wrong sign for f = 0. expected 1 = -1 * -1 but got 1
[ERROR] 21:02:23:02s: wrong sign for f = 1. expected -1 = 1 * -1 but got -1
[ERROR] 21:02:23:02s: wrong sign for f = 0. expected 1 = -1 * -1 but got 1
[ERROR] 21:02:23:02s: wrong sign for f = 1. expected -1 = 1 * -1 but got -1
[ERROR] 21:02:23:02s: wrong sign for f = 0. expected 1 = -1 * -1 but got 1
[ERROR] 21:02:23:02s: wrong sign for f = 1. expected -1 = 1 * -1 but got -1
[ERROR] 21:02:23:02s: wrong sign for f = 0. expected 1 = -1 * -1 but got 1
[ERROR] 21:02:23:02s: wrong sign for f = 1. expected -1 = 1 * -1 but got -1
[ERROR] 21:02:23:02s: wrong sign for f = 0. expected 1 = -1 * -1 but got 1
[ERROR] 21:02:23:02s: wrong sign for f = 1. expected -1 = 1 * -1 but got -1
[ERROR] 21:02:23:02s: wrong sign for f = 0. expected 1 = -1 * -1 but got 1
[ERROR] 21:02:23:02s: wrong sign for f = 1. expected -1 = 1 * -1 but got -1
[ERROR] 21:02:23:02s: wrong sign for f = 0. expected 1 = -1 * -1 but got 1
[ERROR] 21:02:23:02s: wrong sign for f = 1. expected -1 = 1 * -1 but got -1
[ERROR] 21:02:23:02s: wrong sign for f = 0. expected 1 = -1 * -1 but got 1
[ERROR] 21:02:23:02s: wrong sign for f = 1. expected -1 = 1 * -1 but got -1
[ERROR] 21:02:23:02s: wrong sign for f = 0. expected 1 = -1 * -1 but got 1
[ERROR] 21:02:23:02s: wrong sign for f = 1. expected -1 = 1 * -1 but got -1
[ERROR] 21:02:23:02s: wrong sign for f = 0. expected 1 = -1 * -1 but got 1
[ERROR] 21:02:23:02s: wrong sign for f = 1. expected -1 = 1 * -1 but got -1
[ERROR] 21:02:23:02s: wrong sign for f = 0. expected 1 = -1 * -1 but got 1
[ERROR] 21:02:23:02s: wrong sign for f = 1. expected -1 = 1 * -1 but got -1
[ERROR] 21:02:23:02s: wrong sign for f = 0. expected 1 = -1 * -1 but got 1
[ERROR] 21:02:23:02s: wrong sign for f = 1. expected -1 = 1 * -1 but got -1
[ERROR] 21:02:23:02s: wrong sign for f = 0. expected 1 = -1 * -1 but got 1
[ERROR] 21:02:23:02s: wrong sign for f = 1. expected -1 = 1 * -1 but got -1
[ERROR] 21:02:23:02s: wrong sign for f = 0. expected 1 = -1 * -1 but got 1
[ERROR] 21:02:23:02s: wrong sign for f = 1. expected -1 = 1 * -1 but got -1
[ERROR] 21:02:23:02s: wrong sign for f = 0. expected 1 = -1 * -1 but got 1
[ERROR] 21:02:23:02s: wrong sign for f = 1. expected -1 = 1 * -1 but got -1
[ERROR] 21:02:23:02s: wrong sign for f = 0. expected 1 = -1 * -1 but got 1
[ERROR] 21:02:23:02s: wrong sign for f = 1. expected -1 = 1 * -1 but got -1
[ERROR] 21:02:23:02s: wrong sign for f = 0. expected 1 = -1 * -1 but got 1
[ERROR] 21:02:23:02s: wrong sign for f = 1. expected -1 = 1 * -1 but got -1
[ERROR] 21:02:23:02s: wrong sign for f = 0. expected 1 = -1 * -1 but got 1
[ERROR] 21:02:23:02s: wrong sign for f = 1. expected -1 = 1 * -1 but got -1
[ERROR] 21:02:23:02s: wrong sign for f = 0. expected 1 = -1 * -1 but got 1
[ERROR] 21:02:23:02s: wrong sign for f = 1. expected -1 = 1 * -1 but got -1
[ERROR] 21:02:23:02s: wrong sign for f = 0. expected 1 = -1 * -1 but got 1
[ERROR] 21:02:23:02s: wrong sign for f = 1. expected -1 = 1 * -1 but got -1
[ERROR] 21:02:23:02s: wrong sign for f = 0. expected 1 = -1 * -1 but got 1
[ERROR] 21:02:23:02s: wrong sign for f = 1. expected -1 = 1 * -1 but got -1
[ERROR] 21:02:23:02s: wrong sign for f = 0. expected 1 = -1 * -1 but got 1
[ERROR] 21:02:23:02s: wrong sign for f = 1. expected -1 = 1 * -1 but got -1
[ERROR] 21:02:23:02s: wrong sign for f = 0. expected 1 = -1 * -1 but got 1
[ERROR] 21:02:23:02s: wrong sign for f = 1. expected -1 = 1 * -1 but got -1
[ERROR] 21:02:23:02s: wrong sign for f = 0. expected 1 = -1 * -1 but got 1
[ERROR] 21:02:23:02s: wrong sign for f = 1. expected -1 = 1 * -1 but got -1
[ERROR] 21:02:23:02s: wrong sign for f = 0. expected 1 = -1 * -1 but got 1
[ERROR] 21:02:23:02s: wrong sign for f = 1. expected -1 = 1 * -1 but got -1
[ERROR] 21:02:23:02s: wrong sign for f = 0. expected 1 = -1 * -1 but got 1
[ERROR] 21:02:23:02s: wrong sign for f = 1. expected -1 = 1 * -1 but got -1
[ERROR] 21:02:23:02s: wrong sign for f = 0. expected 1 = -1 * -1 but got 1
[ERROR] 21:02:23:02s: wrong sign for f = 1. expected -1 = 1 * -1 but got -1
[ERROR] 21:02:23:02s: wrong sign for f = 0. expected 1 = -1 * -1 but got 1
[ERROR] 21:02:23:02s: wrong sign for f = 1. expected -1 = 1 * -1 but got -1
[ERROR] 21:02:23:02s: wrong sign for f = 0. expected 1 = -1 * -1 but got 1
[ERROR] 21:02:23:02s: wrong sign for f = 1. expected -1 = 1 * -1 but got -1
[ERROR] 21:02:23:02s: wrong sign for f = 0. expected 1 = -1 * -1 but got 1
[ERROR] 21:02:23:02s: wrong sign for f = 1. expected -1 = 1 * -1 but got -1
[INFO ] 21:02:23:02s: MC Walker [0] at  (60%) of iteration 1. expansion order: 0
[ERROR] 21:02:23:02s: wrong sign for f = 0. expected 1 = -1 * -1 but got 1
[ERROR] 21:02:23:02s: wrong sign for f = 1. expected -1 = 1 * -1 but got -1
[ERROR] 21:02:23:02s: wrong sign for f = 0. expected 1 = -1 * -1 but got 1
[ERROR] 21:02:23:02s: wrong sign for f = 1. expected -1 = 1 * -1 but got -1
[ERROR] 21:02:23:02s: wrong sign for f = 0. expected 1 = -1 * -1 but got 1
[ERROR] 21:02:23:02s: wrong sign for f = 1. expected -1 = 1 * -1 but got -1
[ERROR] 21:02:23:02s: wrong sign for f = 0. expected 1 = -1 * -1 but got 1
[ERROR] 21:02:23:02s: wrong sign for f = 1. expected -1 = 1 * -1 but got -1
[ERROR] 21:02:23:02s: wrong sign for f = 0. expected 1 = -1 * -1 but got 1
[ERROR] 21:02:23:02s: wrong sign for f = 1. expected -1 = 1 * -1 but got -1
[ERROR] 21:02:23:02s: wrong sign for f = 0. expected 1 = -1 * -1 but got 1
[ERROR] 21:02:23:02s: wrong sign for f = 1. expected -1 = 1 * -1 but got -1
[ERROR] 21:02:23:02s: wrong sign for f = 0. expected 1 = -1 * -1 but got 1
[ERROR] 21:02:23:02s: wrong sign for f = 1. expected -1 = 1 * -1 but got -1
[ERROR] 21:02:23:02s: wrong sign for f = 0. expected 1 = -1 * -1 but got 1
[ERROR] 21:02:23:02s: wrong sign for f = 1. expected -1 = 1 * -1 but got -1
[ERROR] 21:02:23:02s: wrong sign for f = 0. expected 1 = -1 * -1 but got 1
[ERROR] 21:02:23:02s: wrong sign for f = 1. expected -1 = 1 * -1 but got -1
[ERROR] 21:02:23:02s: wrong sign for f = 0. expected 1 = -1 * -1 but got 1
[ERROR] 21:02:23:02s: wrong sign for f = 1. expected -1 = 1 * -1 but got -1
[ERROR] 21:02:23:02s: wrong sign for f = 0. expected 1 = -1 * -1 but got 1
[ERROR] 21:02:23:02s: wrong sign for f = 1. expected -1 = 1 * -1 but got -1
[ERROR] 21:02:23:02s: wrong sign for f = 0. expected 1 = -1 * -1 but got 1
[ERROR] 21:02:23:02s: wrong sign for f = 1. expected -1 = 1 * -1 but got -1
[ERROR] 21:02:23:02s: wrong sign for f = 0. expected 1 = -1 * -1 but got 1
[ERROR] 21:02:23:02s: wrong sign for f = 1. expected -1 = 1 * -1 but got -1
[ERROR] 21:02:23:02s: wrong sign for f = 0. expected 1 = -1 * -1 but got 1
[ERROR] 21:02:23:02s: wrong sign for f = 1. expected -1 = 1 * -1 but got -1
[ERROR] 21:02:23:02s: wrong sign for f = 0. expected 1 = -1 * -1 but got 1
[ERROR] 21:02:23:02s: wrong sign for f = 1. expected 1 = 1 * 1 but got -1
[ERROR] 21:02:23:02s: wrong sign for f = 0. expected 1 = -1 * -1 but got 1
[ERROR] 21:02:23:02s: wrong sign for f = 1. expected -1 = 1 * -1 but got -1
[ERROR] 21:02:23:02s: wrong sign for f = 0. expected 1 = -1 * -1 but got 1
[ERROR] 21:02:23:02s: wrong sign for f = 1. expected -1 = 1 * -1 but got -1
[ERROR] 21:02:23:02s: wrong sign for f = 0. expected 1 = -1 * -1 but got 1
[ERROR] 21:02:23:02s: wrong sign for f = 1. expected -1 = 1 * -1 but got -1
[ERROR] 21:02:23:02s: wrong sign for f = 0. expected 1 = -1 * -1 but got 1
[ERROR] 21:02:23:02s: wrong sign for f = 1. expected -1 = 1 * -1 but got -1
[ERROR] 21:02:23:02s: wrong sign for f = 0. expected 1 = -1 * -1 but got 1
[ERROR] 21:02:23:02s: wrong sign for f = 1. expected -1 = 1 * -1 but got -1
[ERROR] 21:02:23:02s: wrong sign for f = 0. expected 1 = -1 * -1 but got 1
[ERROR] 21:02:23:02s: wrong sign for f = 1. expected -1 = 1 * -1 but got -1
[ERROR] 21:02:23:02s: wrong sign for f = 0. expected 1 = -1 * -1 but got 1
[ERROR] 21:02:23:02s: wrong sign for f = 1. expected -1 = 1 * -1 but got -1
[ERROR] 21:02:23:02s: wrong sign for f = 0. expected 1 = -1 * -1 but got 1
[ERROR] 21:02:23:02s: wrong sign for f = 1. expected -1 = 1 * -1 but got -1
[ERROR] 21:02:23:02s: wrong sign for f = 0. expected 1 = -1 * -1 but got 1
[ERROR] 21:02:23:02s: wrong sign for f = 1. expected -1 = 1 * -1 but got -1
[ERROR] 21:02:23:02s: wrong sign for f = 0. expected 1 = -1 * -1 but got 1
[ERROR] 21:02:23:02s: wrong sign for f = 1. expected -1 = 1 * -1 but got -1
[ERROR] 21:02:23:02s: wrong sign for f = 0. expected 1 = -1 * -1 but got 1
[ERROR] 21:02:23:02s: wrong sign for f = 1. expected -1 = 1 * -1 but got -1
[ERROR] 21:02:23:02s: wrong sign for f = 0. expected 1 = -1 * -1 but got 1
[ERROR] 21:02:23:02s: wrong sign for f = 1. expected -1 = 1 * -1 but got -1
[ERROR] 21:02:23:02s: wrong sign for f = 0. expected 1 = -1 * -1 but got 1
[ERROR] 21:02:23:02s: wrong sign for f = 1. expected -1 = 1 * -1 but got -1
[ERROR] 21:02:23:02s: wrong sign for f = 0. expected 1 = -1 * -1 but got 1
[ERROR] 21:02:23:02s: wrong sign for f = 1. expected -1 = 1 * -1 but got -1
[ERROR] 21:02:23:02s: wrong sign for f = 0. expected 1 = -1 * -1 but got 1
[ERROR] 21:02:23:02s: wrong sign for f = 1. expected -1 = 1 * -1 but got -1
[ERROR] 21:02:23:02s: wrong sign for f = 0. expected 1 = -1 * -1 but got 1
[ERROR] 21:02:23:02s: wrong sign for f = 1. expected -1 = 1 * -1 but got -1
[ERROR] 21:02:23:02s: wrong sign for f = 0. expected 1 = -1 * -1 but got 1
[ERROR] 21:02:23:02s: wrong sign for f = 1. expected -1 = 1 * -1 but got -1
[ERROR] 21:02:23:02s: wrong sign for f = 0. expected 1 = -1 * -1 but got 1
[ERROR] 21:02:23:02s: wrong sign for f = 1. expected -1 = 1 * -1 but got -1
[ERROR] 21:02:23:02s: wrong sign for f = 0. expected 1 = -1 * -1 but got 1
[ERROR] 21:02:23:02s: wrong sign for f = 1. expected -1 = 1 * -1 but got -1
[ERROR] 21:02:23:02s: wrong sign for f = 0. expected 1 = -1 * -1 but got 1
[ERROR] 21:02:23:02s: wrong sign for f = 1. expected -1 = 1 * -1 but got -1
[ERROR] 21:02:23:02s: wrong sign for f = 0. expected 1 = -1 * -1 but got 1
[ERROR] 21:02:23:02s: wrong sign for f = 1. expected -1 = 1 * -1 but got -1
[ERROR] 21:02:23:02s: wrong sign for f = 0. expected 1 = -1 * -1 but got 1
[ERROR] 21:02:23:02s: wrong sign for f = 1. expected -1 = 1 * -1 but got -1
[ERROR] 21:02:23:02s: wrong sign for f = 0. expected 1 = -1 * -1 but got 1
[ERROR] 21:02:23:02s: wrong sign for f = 1. expected -1 = 1 * -1 but got -1
[ERROR] 21:02:23:02s: wrong sign for f = 0. expected 1 = -1 * -1 but got 1
[ERROR] 21:02:23:02s: wrong sign for f = 1. expected -1 = 1 * -1 but got -1
[ERROR] 21:02:23:02s: wrong sign for f = 0. expected 1 = -1 * -1 but got 1
[ERROR] 21:02:23:02s: wrong sign for f = 1. expected -1 = 1 * -1 but got -1
[ERROR] 21:02:23:02s: wrong sign for f = 0. expected 1 = -1 * -1 but got 1
[ERROR] 21:02:23:02s: wrong sign for f = 1. expected -1 = 1 * -1 but got -1
[ERROR] 21:02:23:02s: wrong sign for f = 0. expected 1 = -1 * -1 but got 1
[ERROR] 21:02:23:02s: wrong sign for f = 1. expected -1 = 1 * -1 but got -1
[ERROR] 21:02:23:02s: wrong sign for f = 0. expected 1 = -1 * -1 but got 1
[ERROR] 21:02:23:02s: wrong sign for f = 1. expected -1 = 1 * -1 but got -1
[ERROR] 21:02:23:02s: wrong sign for f = 0. expected 1 = -1 * -1 but got 1
[ERROR] 21:02:23:02s: wrong sign for f = 1. expected -1 = 1 * -1 but got -1
[ERROR] 21:02:23:02s: wrong sign for f = 0. expected 1 = -1 * -1 but got 1
[ERROR] 21:02:23:02s: wrong sign for f = 1. expected -1 = 1 * -1 but got -1
[ERROR] 21:02:23:02s: wrong sign for f = 0. expected 1 = -1 * -1 but got 1
[ERROR] 21:02:23:02s: wrong sign for f = 1. expected -1 = 1 * -1 but got -1
[ERROR] 21:02:23:02s: wrong sign for f = 0. expected 1 = -1 * -1 but got 1
[ERROR] 21:02:23:02s: wrong sign for f = 1. expected -1 = 1 * -1 but got -1
[ERROR] 21:02:23:02s: wrong sign for f = 0. expected 1 = -1 * -1 but got 1
[ERROR] 21:02:23:02s: wrong sign for f = 1. expected -1 = 1 * -1 but got -1
[ERROR] 21:02:23:02s: wrong sign for f = 0. expected 1 = -1 * -1 but got 1
[ERROR] 21:02:23:02s: wrong sign for f = 1. expected -1 = 1 * -1 but got -1
[ERROR] 21:02:23:02s: wrong sign for f = 0. expected 1 = -1 * -1 but got 1
[ERROR] 21:02:23:02s: wrong sign for f = 1. expected -1 = 1 * -1 but got -1
[ERROR] 21:02:23:02s: wrong sign for f = 0. expected 1 = -1 * -1 but got 1
[ERROR] 21:02:23:02s: wrong sign for f = 1. expected -1 = 1 * -1 but got -1
[ERROR] 21:02:23:02s: wrong sign for f = 0. expected 1 = -1 * -1 but got 1
[ERROR] 21:02:23:02s: wrong sign for f = 1. expected -1 = 1 * -1 but got -1
[ERROR] 21:02:23:02s: wrong sign for f = 0. expected 1 = -1 * -1 but got 1
[ERROR] 21:02:23:02s: wrong sign for f = 1. expected -1 = 1 * -1 but got -1
[ERROR] 21:02:23:02s: wrong sign for f = 0. expected 1 = -1 * -1 but got 1
[ERROR] 21:02:23:02s: wrong sign for f = 1. expected -1 = 1 * -1 but got -1
[ERROR] 21:02:23:02s: wrong sign for f = 0. expected 1 = -1 * -1 but got 1
[ERROR] 21:02:23:02s: wrong sign for f = 1. expected -1 = 1 * -1 but got -1
[ERROR] 21:02:23:02s: wrong sign for f = 0. expected 1 = -1 * -1 but got 1
[ERROR] 21:02:23:02s: wrong sign for f = 1. expected -1 = 1 * -1 but got -1
[ERROR] 21:02:23:02s: wrong sign for f = 0. expected 1 = -1 * -1 but got 1
[ERROR] 21:02:23:02s: wrong sign for f = 1. expected -1 = 1 * -1 but got -1
[ERROR] 21:02:23:02s: wrong sign for f = 0. expected 1 = -1 * -1 but got 1
[ERROR] 21:02:23:02s: wrong sign for f = 1. expected -1 = 1 * -1 but got -1
[ERROR] 21:02:23:02s: wrong sign for f = 0. expected 1 = -1 * -1 but got 1
[ERROR] 21:02:23:02s: wrong sign for f = 1. expected -1 = 1 * -1 but got -1
[ERROR] 21:02:23:02s: wrong sign for f = 0. expected 1 = -1 * -1 but got 1
[ERROR] 21:02:23:02s: wrong sign for f = 1. expected -1 = 1 * -1 but got -1
[ERROR] 21:02:23:02s: wrong sign for f = 0. expected 1 = -1 * -1 but got 1
[ERROR] 21:02:23:02s: wrong sign for f = 1. expected -1 = 1 * -1 but got -1
[ERROR] 21:02:23:02s: wrong sign for f = 0. expected 1 = -1 * -1 but got 1
[ERROR] 21:02:23:02s: wrong sign for f = 1. expected -1 = 1 * -1 but got -1
[ERROR] 21:02:23:02s: wrong sign for f = 0. expected 1 = -1 * -1 but got 1
[ERROR] 21:02:23:02s: wrong sign for f = 1. expected -1 = 1 * -1 but got -1
[ERROR] 21:02:23:02s: wrong sign for f = 0. expected 1 = -1 * -1 but got 1
[ERROR] 21:02:23:02s: wrong sign for f = 1. expected -1 = 1 * -1 but got -1
[ERROR] 21:02:23:02s: wrong sign for f = 0. expected 1 = -1 * -1 but got 1
[ERROR] 21:02:23:02s: wrong sign for f = 1. expected -1 = 1 * -1 but got -1
[ERROR] 21:02:23:02s: wrong sign for f = 0. expected 1 = -1 * -1 but got 1
[ERROR] 21:02:23:02s: wrong sign for f = 1. expected -1 = 1 * -1 but got -1
[ERROR] 21:02:23:02s: wrong sign for f = 0. expected 1 = -1 * -1 but got 1
[ERROR] 21:02:23:02s: wrong sign for f = 1. expected -1 = 1 * -1 but got -1
[ERROR] 21:02:23:02s: wrong sign for f = 0. expected 1 = -1 * -1 but got 1
[ERROR] 21:02:23:02s: wrong sign for f = 1. expected -1 = 1 * -1 but got -1
[ERROR] 21:02:23:02s: wrong sign for f = 0. expected 1 = -1 * -1 but got 1
[ERROR] 21:02:23:02s: wrong sign for f = 1. expected -1 = 1 * -1 but got -1
[ERROR] 21:02:23:02s: wrong sign for f = 0. expected 1 = -1 * -1 but got 1
[ERROR] 21:02:23:02s: wrong sign for f = 1. expected -1 = 1 * -1 but got -1
[ERROR] 21:02:23:02s: wrong sign for f = 0. expected 1 = -1 * -1 but got 1
[ERROR] 21:02:23:02s: wrong sign for f = 1. expected -1 = 1 * -1 but got -1
[ERROR] 21:02:23:02s: wrong sign for f = 0. expected 1 = -1 * -1 but got 1
[ERROR] 21:02:23:02s: wrong sign for f = 1. expected -1 = 1 * -1 but got -1
[ERROR] 21:02:23:02s: wrong sign for f = 0. expected 1 = -1 * -1 but got 1
[ERROR] 21:02:23:02s: wrong sign for f = 1. expected -1 = 1 * -1 but got -1
[ERROR] 21:02:23:02s: wrong sign for f = 0. expected 1 = -1 * -1 but got 1
[ERROR] 21:02:23:02s: wrong sign for f = 1. expected -1 = 1 * -1 but got -1
[ERROR] 21:02:23:02s: wrong sign for f = 0. expected 1 = -1 * -1 but got 1
[ERROR] 21:02:23:02s: wrong sign for f = 1. expected -1 = 1 * -1 but got -1
[ERROR] 21:02:23:02s: wrong sign for f = 0. expected 1 = -1 * -1 but got 1
[ERROR] 21:02:23:02s: wrong sign for f = 1. expected -1 = 1 * -1 but got -1
[ERROR] 21:02:23:02s: wrong sign for f = 0. expected 1 = -1 * -1 but got 1
[ERROR] 21:02:23:02s: wrong sign for f = 1. expected -1 = 1 * -1 but got -1
[ERROR] 21:02:23:02s: wrong sign for f = 0. expected 1 = -1 * -1 but got 1
[ERROR] 21:02:23:02s: wrong sign for f = 1. expected -1 = 1 * -1 but got -1
[ERROR] 21:02:23:02s: wrong sign for f = 0. expected 1 = -1 * -1 but got 1
[ERROR] 21:02:23:02s: wrong sign for f = 1. expected -1 = 1 * -1 but got -1
[ERROR] 21:02:23:02s: wrong sign for f = 0. expected 1 = -1 * -1 but got 1
[ERROR] 21:02:23:02s: wrong sign for f = 1. expected -1 = 1 * -1 but got -1
[ERROR] 21:02:23:02s: wrong sign for f = 0. expected 1 = -1 * -1 but got 1
[ERROR] 21:02:23:02s: wrong sign for f = 1. expected -1 = 1 * -1 but got -1
[ERROR] 21:02:23:02s: wrong sign for f = 0. expected 1 = -1 * -1 but got 1
[ERROR] 21:02:23:02s: wrong sign for f = 1. expected -1 = 1 * -1 but got -1
[ERROR] 21:02:23:02s: wrong sign for f = 0. expected 1 = -1 * -1 but got 1
[ERROR] 21:02:23:02s: wrong sign for f = 1. expected -1 = 1 * -1 but got -1
[ERROR] 21:02:23:02s: wrong sign for f = 0. expected 1 = -1 * -1 but got 1
[ERROR] 21:02:23:02s: wrong sign for f = 1. expected -1 = 1 * -1 but got -1
[ERROR] 21:02:23:02s: wrong sign for f = 0. expected 1 = -1 * -1 but got 1
[ERROR] 21:02:23:02s: wrong sign for f = 1. expected -1 = 1 * -1 but got -1
[ERROR] 21:02:23:02s: wrong sign for f = 0. expected 1 = -1 * -1 but got 1
[ERROR] 21:02:23:02s: wrong sign for f = 1. expected -1 = 1 * -1 but got -1
[ERROR] 21:02:23:02s: wrong sign for f = 0. expected 1 = -1 * -1 but got 1
[ERROR] 21:02:23:02s: wrong sign for f = 1. expected -1 = 1 * -1 but got -1
[ERROR] 21:02:23:02s: wrong sign for f = 0. expected 1 = -1 * -1 but got 1
[ERROR] 21:02:23:02s: wrong sign for f = 1. expected -1 = 1 * -1 but got -1
[ERROR] 21:02:23:02s: wrong sign for f = 0. expected 1 = -1 * -1 but got 1
[ERROR] 21:02:23:02s: wrong sign for f = 1. expected -1 = 1 * -1 but got -1
[ERROR] 21:02:23:02s: wrong sign for f = 0. expected 1 = -1 * -1 but got 1
[ERROR] 21:02:23:02s: wrong sign for f = 1. expected -1 = 1 * -1 but got -1
[ERROR] 21:02:23:02s: wrong sign for f = 0. expected 1 = -1 * -1 but got 1
[ERROR] 21:02:23:02s: wrong sign for f = 1. expected -1 = 1 * -1 but got -1
[ERROR] 21:02:23:02s: wrong sign for f = 0. expected 1 = -1 * -1 but got 1
[ERROR] 21:02:23:02s: wrong sign for f = 1. expected -1 = 1 * -1 but got -1
[ERROR] 21:02:23:02s: wrong sign for f = 0. expected 1 = -1 * -1 but got 1
[ERROR] 21:02:23:02s: wrong sign for f = 1. expected -1 = 1 * -1 but got -1
[ERROR] 21:02:23:02s: wrong sign for f = 0. expected 1 = -1 * -1 but got 1
[ERROR] 21:02:23:02s: wrong sign for f = 1. expected -1 = 1 * -1 but got -1
[ERROR] 21:02:23:02s: wrong sign for f = 0. expected 1 = -1 * -1 but got 1
[ERROR] 21:02:23:02s: wrong sign for f = 1. expected -1 = 1 * -1 but got -1
[ERROR] 21:02:23:02s: wrong sign for f = 0. expected 1 = -1 * -1 but got 1
[ERROR] 21:02:23:02s: wrong sign for f = 1. expected -1 = 1 * -1 but got -1
[ERROR] 21:02:23:02s: wrong sign for f = 0. expected 1 = -1 * -1 but got 1
[ERROR] 21:02:23:02s: wrong sign for f = 1. expected -1 = 1 * -1 but got -1
[ERROR] 21:02:23:02s: wrong sign for f = 0. expected 1 = -1 * -1 but got 1
[ERROR] 21:02:23:02s: wrong sign for f = 1. expected -1 = 1 * -1 but got -1
[ERROR] 21:02:23:02s: wrong sign for f = 0. expected 1 = -1 * -1 but got 1
[ERROR] 21:02:23:02s: wrong sign for f = 1. expected -1 = 1 * -1 but got -1
[ERROR] 21:02:23:02s: wrong sign for f = 0. expected 1 = -1 * -1 but got 1
[ERROR] 21:02:23:02s: wrong sign for f = 1. expected -1 = 1 * -1 but got -1
[INFO ] 21:02:23:02s: MC Walker [0] at  (80%) of iteration 1. expansion order: 0
[ERROR] 21:02:23:02s: wrong sign for f = 0. expected 1 = -1 * -1 but got 1
[ERROR] 21:02:23:02s: wrong sign for f = 1. expected -1 = 1 * -1 but got -1
[ERROR] 21:02:23:02s: wrong sign for f = 0. expected 1 = -1 * -1 but got 1
[ERROR] 21:02:23:02s: wrong sign for f = 1. expected -1 = 1 * -1 but got -1
[ERROR] 21:02:23:02s: wrong sign for f = 0. expected 1 = -1 * -1 but got 1
[ERROR] 21:02:23:02s: wrong sign for f = 1. expected -1 = 1 * -1 but got -1
[ERROR] 21:02:23:02s: wrong sign for f = 0. expected 1 = -1 * -1 but got 1
[ERROR] 21:02:23:02s: wrong sign for f = 1. expected -1 = 1 * -1 but got -1
[ERROR] 21:02:23:02s: wrong sign for f = 0. expected 1 = -1 * -1 but got 1
[ERROR] 21:02:23:02s: wrong sign for f = 1. expected -1 = 1 * -1 but got -1
[ERROR] 21:02:23:02s: wrong sign for f = 0. expected 1 = -1 * -1 but got 1
[ERROR] 21:02:23:02s: wrong sign for f = 1. expected -1 = 1 * -1 but got -1
[ERROR] 21:02:23:02s: wrong sign for f = 0. expected 1 = -1 * -1 but got 1
[ERROR] 21:02:23:02s: wrong sign for f = 1. expected -1 = 1 * -1 but got -1
[ERROR] 21:02:23:02s: wrong sign for f = 0. expected 1 = -1 * -1 but got 1
[ERROR] 21:02:23:02s: wrong sign for f = 1. expected -1 = 1 * -1 but got -1
[ERROR] 21:02:23:02s: wrong sign for f = 0. expected 1 = -1 * -1 but got 1
[ERROR] 21:02:23:02s: wrong sign for f = 1. expected -1 = 1 * -1 but got -1
[ERROR] 21:02:23:02s: wrong sign for f = 0. expected 1 = -1 * -1 but got 1
[ERROR] 21:02:23:02s: wrong sign for f = 1. expected -1 = 1 * -1 but got -1
[ERROR] 21:02:23:02s: wrong sign for f = 0. expected 1 = -1 * -1 but got 1
[ERROR] 21:02:23:02s: wrong sign for f = 1. expected -1 = 1 * -1 but got -1
[ERROR] 21:02:23:02s: wrong sign for f = 0. expected 1 = -1 * -1 but got 1
[ERROR] 21:02:23:02s: wrong sign for f = 1. expected -1 = 1 * -1 but got -1
[ERROR] 21:02:23:02s: wrong sign for f = 0. expected 1 = -1 * -1 but got 1
[ERROR] 21:02:23:02s: wrong sign for f = 1. expected -1 = 1 * -1 but got -1
[ERROR] 21:02:23:02s: wrong sign for f = 0. expected 1 = -1 * -1 but got 1
[ERROR] 21:02:23:02s: wrong sign for f = 1. expected -1 = 1 * -1 but got -1
[ERROR] 21:02:23:02s: wrong sign for f = 0. expected 1 = -1 * -1 but got 1
[ERROR] 21:02:23:02s: wrong sign for f = 1. expected -1 = 1 * -1 but got -1
[ERROR] 21:02:23:02s: wrong sign for f = 0. expected 1 = -1 * -1 but got 1
[ERROR] 21:02:23:02s: wrong sign for f = 1. expected -1 = 1 * -1 but got -1
[ERROR] 21:02:23:02s: wrong sign for f = 0. expected 1 = -1 * -1 but got 1
[ERROR] 21:02:23:02s: wrong sign for f = 1. expected -1 = 1 * -1 but got -1
[ERROR] 21:02:23:02s: wrong sign for f = 0. expected 1 = -1 * -1 but got 1
[ERROR] 21:02:23:02s: wrong sign for f = 1. expected -1 = 1 * -1 but got -1
[ERROR] 21:02:23:02s: wrong sign for f = 0. expected 1 = -1 * -1 but got 1
[ERROR] 21:02:23:02s: wrong sign for f = 1. expected -1 = 1 * -1 but got -1
[ERROR] 21:02:23:02s: wrong sign for f = 0. expected 1 = -1 * -1 but got 1
[ERROR] 21:02:23:02s: wrong sign for f = 1. expected -1 = 1 * -1 but got -1
[ERROR] 21:02:23:02s: wrong sign for f = 0. expected 1 = -1 * -1 but got 1
[ERROR] 21:02:23:02s: wrong sign for f = 1. expected -1 = 1 * -1 but got -1
[ERROR] 21:02:23:02s: wrong sign for f = 0. expected 1 = -1 * -1 but got 1
[ERROR] 21:02:23:02s: wrong sign for f = 1. expected -1 = 1 * -1 but got -1
[ERROR] 21:02:23:02s: wrong sign for f = 0. expected 1 = -1 * -1 but got 1
[ERROR] 21:02:23:02s: wrong sign for f = 1. expected -1 = 1 * -1 but got -1
[ERROR] 21:02:23:02s: wrong sign for f = 0. expected 1 = -1 * -1 but got 1
[ERROR] 21:02:23:02s: wrong sign for f = 1. expected -1 = 1 * -1 but got -1
[ERROR] 21:02:23:02s: wrong sign for f = 0. expected 1 = -1 * -1 but got 1
[ERROR] 21:02:23:02s: wrong sign for f = 1. expected -1 = 1 * -1 but got -1
[ERROR] 21:02:23:02s: wrong sign for f = 0. expected 1 = -1 * -1 but got 1
[ERROR] 21:02:23:02s: wrong sign for f = 1. expected -1 = 1 * -1 but got -1
[ERROR] 21:02:23:02s: wrong sign for f = 0. expected 1 = -1 * -1 but got 1
[ERROR] 21:02:23:02s: wrong sign for f = 1. expected -1 = 1 * -1 but got -1
[ERROR] 21:02:23:02s: wrong sign for f = 0. expected 1 = -1 * -1 but got 1
[ERROR] 21:02:23:02s: wrong sign for f = 1. expected -1 = 1 * -1 but got -1
[ERROR] 21:02:23:02s: wrong sign for f = 0. expected 1 = -1 * -1 but got 1
[ERROR] 21:02:23:02s: wrong sign for f = 1. expected -1 = 1 * -1 but got -1
[ERROR] 21:02:23:02s: wrong sign for f = 0. expected 1 = -1 * -1 but got 1
[ERROR] 21:02:23:02s: wrong sign for f = 1. expected -1 = 1 * -1 but got -1
[ERROR] 21:02:23:02s: wrong sign for f = 0. expected 1 = -1 * -1 but got 1
[ERROR] 21:02:23:02s: wrong sign for f = 1. expected -1 = 1 * -1 but got -1
[ERROR] 21:02:23:02s: wrong sign for f = 0. expected 1 = -1 * -1 but got 1
[ERROR] 21:02:23:02s: wrong sign for f = 1. expected -1 = 1 * -1 but got -1
[ERROR] 21:02:23:02s: wrong sign for f = 0. expected 1 = -1 * -1 but got 1
[ERROR] 21:02:23:02s: wrong sign for f = 1. expected -1 = 1 * -1 but got -1
[ERROR] 21:02:23:02s: wrong sign for f = 0. expected 1 = -1 * -1 but got 1
[ERROR] 21:02:23:02s: wrong sign for f = 1. expected -1 = 1 * -1 but got -1
[ERROR] 21:02:23:02s: wrong sign for f = 0. expected 1 = -1 * -1 but got 1
[ERROR] 21:02:23:02s: wrong sign for f = 1. expected -1 = 1 * -1 but got -1
[ERROR] 21:02:23:02s: wrong sign for f = 0. expected 1 = -1 * -1 but got 1
[ERROR] 21:02:23:02s: wrong sign for f = 1. expected -1 = 1 * -1 but got -1
[ERROR] 21:02:23:02s: wrong sign for f = 0. expected 1 = -1 * -1 but got 1
[ERROR] 21:02:23:02s: wrong sign for f = 1. expected -1 = 1 * -1 but got -1
[ERROR] 21:02:23:02s: wrong sign for f = 0. expected 1 = -1 * -1 but got 1
[ERROR] 21:02:23:02s: wrong sign for f = 1. expected -1 = 1 * -1 but got -1
[ERROR] 21:02:23:02s: wrong sign for f = 0. expected 1 = -1 * -1 but got 1
[ERROR] 21:02:23:02s: wrong sign for f = 1. expected -1 = 1 * -1 but got -1
[ERROR] 21:02:23:02s: wrong sign for f = 0. expected 1 = -1 * -1 but got 1
[ERROR] 21:02:23:02s: wrong sign for f = 1. expected -1 = 1 * -1 but got -1
[ERROR] 21:02:23:02s: wrong sign for f = 0. expected 1 = -1 * -1 but got 1
[ERROR] 21:02:23:02s: wrong sign for f = 1. expected -1 = 1 * -1 but got -1
[ERROR] 21:02:23:02s: wrong sign for f = 0. expected 1 = -1 * -1 but got 1
[ERROR] 21:02:23:02s: wrong sign for f = 1. expected -1 = 1 * -1 but got -1
[ERROR] 21:02:23:02s: wrong sign for f = 0. expected 1 = -1 * -1 but got 1
[ERROR] 21:02:23:02s: wrong sign for f = 1. expected -1 = 1 * -1 but got -1
[ERROR] 21:02:23:02s: wrong sign for f = 0. expected 1 = -1 * -1 but got 1
[ERROR] 21:02:23:02s: wrong sign for f = 1. expected -1 = 1 * -1 but got -1
[ERROR] 21:02:23:02s: wrong sign for f = 0. expected 1 = -1 * -1 but got 1
[ERROR] 21:02:23:02s: wrong sign for f = 1. expected -1 = 1 * -1 but got -1
[ERROR] 21:02:23:02s: wrong sign for f = 0. expected 1 = -1 * -1 but got 1
[ERROR] 21:02:23:02s: wrong sign for f = 1. expected -1 = 1 * -1 but got -1
[ERROR] 21:02:23:02s: wrong sign for f = 0. expected 1 = -1 * -1 but got 1
[ERROR] 21:02:23:02s: wrong sign for f = 1. expected -1 = 1 * -1 but got -1
[ERROR] 21:02:23:02s: wrong sign for f = 0. expected 1 = -1 * -1 but got 1
[ERROR] 21:02:23:02s: wrong sign for f = 1. expected -1 = 1 * -1 but got -1
[ERROR] 21:02:23:02s: wrong sign for f = 0. expected 1 = -1 * -1 but got 1
[ERROR] 21:02:23:02s: wrong sign for f = 1. expected -1 = 1 * -1 but got -1
[ERROR] 21:02:23:02s: wrong sign for f = 0. expected 1 = -1 * -1 but got 1
[ERROR] 21:02:23:02s: wrong sign for f = 1. expected -1 = 1 * -1 but got -1
[ERROR] 21:02:23:02s: wrong sign for f = 0. expected 1 = -1 * -1 but got 1
[ERROR] 21:02:23:02s: wrong sign for f = 1. expected -1 = 1 * -1 but got -1
[ERROR] 21:02:23:02s: wrong sign for f = 0. expected 1 = -1 * -1 but got 1
[ERROR] 21:02:23:02s: wrong sign for f = 1. expected -1 = 1 * -1 but got -1
[ERROR] 21:02:23:02s: wrong sign for f = 0. expected 1 = -1 * -1 but got 1
[ERROR] 21:02:23:02s: wrong sign for f = 1. expected -1 = 1 * -1 but got -1
[ERROR] 21:02:23:02s: wrong sign for f = 0. expected 1 = -1 * -1 but got 1
[ERROR] 21:02:23:02s: wrong sign for f = 1. expected -1 = 1 * -1 but got -1
[ERROR] 21:02:23:02s: wrong sign for f = 0. expected 1 = -1 * -1 but got 1
[ERROR] 21:02:23:02s: wrong sign for f = 1. expected -1 = 1 * -1 but got -1
[ERROR] 21:02:23:02s: wrong sign for f = 0. expected 1 = -1 * -1 but got 1
[ERROR] 21:02:23:02s: wrong sign for f = 1. expected -1 = 1 * -1 but got -1
[ERROR] 21:02:23:02s: wrong sign for f = 0. expected 1 = -1 * -1 but got 1
[ERROR] 21:02:23:02s: wrong sign for f = 1. expected -1 = 1 * -1 but got -1
[ERROR] 21:02:23:02s: wrong sign for f = 0. expected 1 = -1 * -1 but got 1
[ERROR] 21:02:23:02s: wrong sign for f = 1. expected -1 = 1 * -1 but got -1
[ERROR] 21:02:23:02s: wrong sign for f = 0. expected 1 = -1 * -1 but got 1
[ERROR] 21:02:23:02s: wrong sign for f = 1. expected -1 = 1 * -1 but got -1
[ERROR] 21:02:23:02s: wrong sign for f = 0. expected 1 = -1 * -1 but got 1
[ERROR] 21:02:23:02s: wrong sign for f = 1. expected -1 = 1 * -1 but got -1
[ERROR] 21:02:23:02s: wrong sign for f = 0. expected 1 = -1 * -1 but got 1
[ERROR] 21:02:23:02s: wrong sign for f = 1. expected -1 = 1 * -1 but got -1
[ERROR] 21:02:23:02s: wrong sign for f = 0. expected 1 = -1 * -1 but got 1
[ERROR] 21:02:23:02s: wrong sign for f = 1. expected -1 = 1 * -1 but got -1
[ERROR] 21:02:23:02s: wrong sign for f = 0. expected 1 = -1 * -1 but got 1
[ERROR] 21:02:23:02s: wrong sign for f = 1. expected -1 = 1 * -1 but got -1
[ERROR] 21:02:23:02s: wrong sign for f = 0. expected 1 = -1 * -1 but got 1
[ERROR] 21:02:23:02s: wrong sign for f = 1. expected -1 = 1 * -1 but got -1
[ERROR] 21:02:23:02s: wrong sign for f = 0. expected 1 = -1 * -1 but got 1
[ERROR] 21:02:23:02s: wrong sign for f = 1. expected -1 = 1 * -1 but got -1
[ERROR] 21:02:23:02s: wrong sign for f = 0. expected 1 = -1 * -1 but got 1
[ERROR] 21:02:23:02s: wrong sign for f = 1. expected -1 = 1 * -1 but got -1
[ERROR] 21:02:23:02s: wrong sign for f = 0. expected 1 = -1 * -1 but got 1
[ERROR] 21:02:23:02s: wrong sign for f = 1. expected -1 = 1 * -1 but got -1
[ERROR] 21:02:23:02s: wrong sign for f = 0. expected 1 = -1 * -1 but got 1
[ERROR] 21:02:23:02s: wrong sign for f = 1. expected -1 = 1 * -1 but got -1
[ERROR] 21:02:23:02s: wrong sign for f = 0. expected 1 = -1 * -1 but got 1
[ERROR] 21:02:23:02s: wrong sign for f = 1. expected -1 = 1 * -1 but got -1
[ERROR] 21:02:23:02s: wrong sign for f = 0. expected 1 = -1 * -1 but got 1
[ERROR] 21:02:23:02s: wrong sign for f = 1. expected -1 = 1 * -1 but got -1
[ERROR] 21:02:23:02s: wrong sign for f = 0. expected 1 = -1 * -1 but got 1
[ERROR] 21:02:23:02s: wrong sign for f = 1. expected -1 = 1 * -1 but got -1
[ERROR] 21:02:23:02s: wrong sign for f = 0. expected 1 = -1 * -1 but got 1
[ERROR] 21:02:23:02s: wrong sign for f = 1. expected -1 = 1 * -1 but got -1
[ERROR] 21:02:23:02s: wrong sign for f = 0. expected 1 = -1 * -1 but got 1
[ERROR] 21:02:23:02s: wrong sign for f = 1. expected -1 = 1 * -1 but got -1
[ERROR] 21:02:23:02s: wrong sign for f = 0. expected 1 = -1 * -1 but got 1
[ERROR] 21:02:23:02s: wrong sign for f = 1. expected -1 = 1 * -1 but got -1
[ERROR] 21:02:23:02s: wrong sign for f = 0. expected 1 = -1 * -1 but got 1
[ERROR] 21:02:23:02s: wrong sign for f = 1. expected -1 = 1 * -1 but got -1
[ERROR] 21:02:23:02s: wrong sign for f = 0. expected 1 = -1 * -1 but got 1
[ERROR] 21:02:23:02s: wrong sign for f = 1. expected -1 = 1 * -1 but got -1
[ERROR] 21:02:23:02s: wrong sign for f = 0. expected 1 = -1 * -1 but got 1
[ERROR] 21:02:23:02s: wrong sign for f = 1. expected -1 = 1 * -1 but got -1
[ERROR] 21:02:23:02s: wrong sign for f = 0. expected 1 = -1 * -1 but got 1
[ERROR] 21:02:23:02s: wrong sign for f = 1. expected -1 = 1 * -1 but got -1
[ERROR] 21:02:23:02s: wrong sign for f = 0. expected 1 = -1 * -1 but got 1
[ERROR] 21:02:23:02s: wrong sign for f = 1. expected -1 = 1 * -1 but got -1
[ERROR] 21:02:23:02s: wrong sign for f = 0. expected 1 = -1 * -1 but got 1
[ERROR] 21:02:23:02s: wrong sign for f = 1. expected -1 = 1 * -1 but got -1
[ERROR] 21:02:23:02s: wrong sign for f = 0. expected 1 = -1 * -1 but got 1
[ERROR] 21:02:23:02s: wrong sign for f = 1. expected -1 = 1 * -1 but got -1
[ERROR] 21:02:23:02s: wrong sign for f = 0. expected 1 = -1 * -1 but got 1
[ERROR] 21:02:23:02s: wrong sign for f = 1. expected -1 = 1 * -1 but got -1
[ERROR] 21:02:23:02s: wrong sign for f = 0. expected 1 = -1 * -1 but got 1
[ERROR] 21:02:23:02s: wrong sign for f = 1. expected -1 = 1 * -1 but got -1
[ERROR] 21:02:23:02s: wrong sign for f = 0. expected 1 = -1 * -1 but got 1
[ERROR] 21:02:23:02s: wrong sign for f = 1. expected -1 = 1 * -1 but got -1
[ERROR] 21:02:23:02s: wrong sign for f = 0. expected 1 = -1 * -1 but got 1
[ERROR] 21:02:23:02s: wrong sign for f = 1. expected -1 = 1 * -1 but got -1
[ERROR] 21:02:23:02s: wrong sign for f = 0. expected 1 = -1 * -1 but got 1
[ERROR] 21:02:23:02s: wrong sign for f = 1. expected -1 = 1 * -1 but got -1
[ERROR] 21:02:23:02s: wrong sign for f = 0. expected 1 = -1 * -1 but got 1
[ERROR] 21:02:23:02s: wrong sign for f = 1. expected -1 = 1 * -1 but got -1
[ERROR] 21:02:23:02s: wrong sign for f = 0. expected 1 = -1 * -1 but got 1
[ERROR] 21:02:23:02s: wrong sign for f = 1. expected -1 = 1 * -1 but got -1
[ERROR] 21:02:23:02s: wrong sign for f = 0. expected 1 = -1 * -1 but got 1
[ERROR] 21:02:23:02s: wrong sign for f = 1. expected -1 = 1 * -1 but got -1
[ERROR] 21:02:23:02s: wrong sign for f = 0. expected 1 = -1 * -1 but got 1
[ERROR] 21:02:23:02s: wrong sign for f = 1. expected -1 = 1 * -1 but got -1
[ERROR] 21:02:23:02s: wrong sign for f = 0. expected 1 = -1 * -1 but got 1
[ERROR] 21:02:23:02s: wrong sign for f = 1. expected -1 = 1 * -1 but got -1
[ERROR] 21:02:23:02s: wrong sign for f = 0. expected 1 = -1 * -1 but got 1
[ERROR] 21:02:23:02s: wrong sign for f = 1. expected -1 = 1 * -1 but got -1
[ERROR] 21:02:23:02s: wrong sign for f = 0. expected 1 = -1 * -1 but got 1
[ERROR] 21:02:23:02s: wrong sign for f = 1. expected -1 = 1 * -1 but got -1
[ERROR] 21:02:23:02s: wrong sign for f = 0. expected 1 = -1 * -1 but got 1
[ERROR] 21:02:23:02s: wrong sign for f = 1. expected -1 = 1 * -1 but got -1
[ERROR] 21:02:23:02s: wrong sign for f = 0. expected 1 = -1 * -1 but got 1
[ERROR] 21:02:23:02s: wrong sign for f = 1. expected -1 = 1 * -1 but got -1
[ERROR] 21:02:23:02s: wrong sign for f = 0. expected 1 = -1 * -1 but got 1
[ERROR] 21:02:23:02s: wrong sign for f = 1. expected -1 = 1 * -1 but got -1
[ERROR] 21:02:23:02s: wrong sign for f = 0. expected 1 = -1 * -1 but got 1
[ERROR] 21:02:23:02s: wrong sign for f = 1. expected -1 = 1 * -1 but got -1
[ERROR] 21:02:23:02s: wrong sign for f = 0. expected 1 = -1 * -1 but got 1
[ERROR] 21:02:23:02s: wrong sign for f = 1. expected -1 = 1 * -1 but got -1
[ERROR] 21:02:23:02s: wrong sign for f = 0. expected 1 = -1 * -1 but got 1
[ERROR] 21:02:23:02s: wrong sign for f = 1. expected -1 = 1 * -1 but got -1
[ERROR] 21:02:23:02s: wrong sign for f = 0. expected 1 = -1 * -1 but got 1
[ERROR] 21:02:23:02s: wrong sign for f = 1. expected -1 = 1 * -1 but got -1
[INFO ] 21:02:23:02s: MC Walker [0] at  (100%) of iteration 1. expansion order: 0
[INFO ] 21:02:23:02s: finished sampling. average expansion order: 0
[INFO ] 21:02:23:02s: measuring impurity Greens function
[DEBUG] 21:02:23:02s@void DMFT::StrongCoupling::computeImpGF(): steps: 500, vs total sign: 500
[INFO ] 21:02:23:02s: forcing paramagnetic solution
[INFO ] 21:02:23:02s: Writing results
[INFO ] 21:02:23:02s: Computing new Weiss Green's function
[INFO ] 21:03:11:03s: Setting hybridization function from Weiss function guess.
[WARN ] 21:03:11:03s: unexpected tail coefficient (Self energy flag not set?), only symmetric GF tested! Expected 1, got 0.249999
[WARN ] 21:03:11:03s: unexpected tail coefficient (Self energy flag not set?), only symmetric GF tested! Expected 1, got 0.249999
[INFO ] 21:03:11:03s: initializing rank 0. isGenerator ==1
[INFO ] 21:03:11:03s: MC Walker [0] at  (20%) of iteration 1. expansion order: 0
[INFO ] 21:03:11:03s: MC Walker [0] at  (40%) of iteration 1. expansion order: 0
[INFO ] 21:03:11:03s: MC Walker [0] at  (60%) of iteration 1. expansion order: 0
[INFO ] 21:03:11:03s: MC Walker [0] at  (80%) of iteration 1. expansion order: 0
[INFO ] 21:03:11:03s: MC Walker [0] at  (100%) of iteration 1. expansion order: 0
[INFO ] 21:03:11:03s: finished sampling. average expansion order: 0
[INFO ] 21:03:11:03s: measuring impurity Greens function
[DEBUG] 21:03:11:03s@void DMFT::StrongCoupling::computeImpGF(): steps: 100, vs total sign: 100
[INFO ] 21:03:11:03s: forcing paramagnetic solution
[INFO ] 21:03:11:03s: Writing results
[INFO ] 21:03:11:03s: Computing new Weiss Green's function
[INFO ] 21:07:18:07s: Setting hybridization function from Weiss function guess.
[WARN ] 21:07:18:07s: unexpected tail coefficient (Self energy flag not set?), only symmetric GF tested! Expected 1, got 0.249999
[WARN ] 21:07:18:07s: unexpected tail coefficient (Self energy flag not set?), only symmetric GF tested! Expected 1, got 0.249999
[INFO ] 21:07:18:07s: initializing rank 0. isGenerator ==1
[INFO ] 21:07:18:07s: MC Walker [0] at  (20%) of iteration 1. expansion order: 0
[INFO ] 21:07:18:07s: MC Walker [0] at  (40%) of iteration 1. expansion order: 0
[INFO ] 21:07:18:07s: MC Walker [0] at  (60%) of iteration 1. expansion order: 0
[INFO ] 21:07:18:07s: MC Walker [0] at  (80%) of iteration 1. expansion order: 0
[INFO ] 21:07:18:07s: MC Walker [0] at  (100%) of iteration 1. expansion order: 0
[INFO ] 21:07:18:07s: finished sampling. average expansion order: 0
[INFO ] 21:07:18:07s: measuring impurity Greens function
[DEBUG] 21:07:18:07s@void DMFT::StrongCoupling::computeImpGF(): steps: 100, vs total sign: 100
[INFO ] 21:07:18:07s: forcing paramagnetic solution
[INFO ] 21:07:18:07s: Writing results
[INFO ] 21:07:18:07s: Computing new Weiss Green's function
[INFO ] 21:09:25:09s: Setting hybridization function from Weiss function guess.
[WARN ] 21:09:25:09s: unexpected tail coefficient (Self energy flag not set?), only symmetric GF tested! Expected 1, got 0.249999
[WARN ] 21:09:25:09s: unexpected tail coefficient (Self energy flag not set?), only symmetric GF tested! Expected 1, got 0.249999
[INFO ] 21:09:26:09s: initializing rank 0. isGenerator ==1
[INFO ] 21:09:26:09s: MC Walker [0] at  (20%) of iteration 1. expansion order: 0
[INFO ] 21:09:26:09s: MC Walker [0] at  (40%) of iteration 1. expansion order: 0
[ERROR] 21:09:26:09s: wrong sign for f = 0. expected 1 = -1 * -1 but got 1
[ERROR] 21:09:26:09s: wrong sign for f = 1. expected -1 = 1 * -1 but got -1
[ERROR] 21:09:26:09s: wrong sign for f = 0. expected 1 = -1 * -1 but got 1
[ERROR] 21:09:26:09s: wrong sign for f = 1. expected -1 = 1 * -1 but got -1
[ERROR] 21:09:26:09s: wrong sign for f = 0. expected 1 = -1 * -1 but got 1
[ERROR] 21:09:26:09s: wrong sign for f = 1. expected -1 = 1 * -1 but got -1
[ERROR] 21:09:26:09s: wrong sign for f = 0. expected 1 = -1 * -1 but got 1
[ERROR] 21:09:26:09s: wrong sign for f = 1. expected -1 = 1 * -1 but got -1
[ERROR] 21:09:26:09s: wrong sign for f = 0. expected 1 = -1 * -1 but got 1
[ERROR] 21:09:26:09s: wrong sign for f = 1. expected -1 = 1 * -1 but got -1
[ERROR] 21:09:26:09s: wrong sign for f = 0. expected 1 = -1 * -1 but got 1
[ERROR] 21:09:26:09s: wrong sign for f = 1. expected -1 = 1 * -1 but got -1
[ERROR] 21:09:26:09s: wrong sign for f = 0. expected 1 = -1 * -1 but got 1
[ERROR] 21:09:26:09s: wrong sign for f = 1. expected -1 = 1 * -1 but got -1
[ERROR] 21:09:26:09s: wrong sign for f = 0. expected 1 = -1 * -1 but got 1
[ERROR] 21:09:26:09s: wrong sign for f = 1. expected -1 = 1 * -1 but got -1
[ERROR] 21:09:26:09s: wrong sign for f = 0. expected 1 = -1 * -1 but got 1
[ERROR] 21:09:26:09s: wrong sign for f = 1. expected -1 = 1 * -1 but got -1
[ERROR] 21:09:26:09s: wrong sign for f = 0. expected 1 = -1 * -1 but got 1
[ERROR] 21:09:26:09s: wrong sign for f = 1. expected -1 = 1 * -1 but got -1
[ERROR] 21:09:26:09s: wrong sign for f = 0. expected 1 = -1 * -1 but got 1
[ERROR] 21:09:26:09s: wrong sign for f = 1. expected -1 = 1 * -1 but got -1
[ERROR] 21:09:26:09s: wrong sign for f = 0. expected 1 = -1 * -1 but got 1
[ERROR] 21:09:26:09s: wrong sign for f = 1. expected -1 = 1 * -1 but got -1
[ERROR] 21:09:26:09s: wrong sign for f = 0. expected 1 = -1 * -1 but got 1
[ERROR] 21:09:26:09s: wrong sign for f = 1. expected -1 = 1 * -1 but got -1
[ERROR] 21:09:26:09s: wrong sign for f = 0. expected 1 = -1 * -1 but got 1
[ERROR] 21:09:26:09s: wrong sign for f = 1. expected -1 = 1 * -1 but got -1
[ERROR] 21:09:26:09s: wrong sign for f = 0. expected 1 = -1 * -1 but got 1
[ERROR] 21:09:26:09s: wrong sign for f = 1. expected -1 = 1 * -1 but got -1
[ERROR] 21:09:26:09s: wrong sign for f = 0. expected 1 = -1 * -1 but got 1
[ERROR] 21:09:26:09s: wrong sign for f = 1. expected -1 = 1 * -1 but got -1
[ERROR] 21:09:26:09s: wrong sign for f = 0. expected 1 = -1 * -1 but got 1
[ERROR] 21:09:26:09s: wrong sign for f = 1. expected -1 = 1 * -1 but got -1
[ERROR] 21:09:26:09s: wrong sign for f = 0. expected 1 = -1 * -1 but got 1
[ERROR] 21:09:26:09s: wrong sign for f = 1. expected -1 = 1 * -1 but got -1
[ERROR] 21:09:26:09s: wrong sign for f = 0. expected 1 = -1 * -1 but got 1
[ERROR] 21:09:26:09s: wrong sign for f = 1. expected -1 = 1 * -1 but got -1
[INFO ] 21:09:26:09s: MC Walker [0] at  (60%) of iteration 1. expansion order: 0
[ERROR] 21:09:26:09s: wrong sign for f = 0. expected 1 = -1 * -1 but got 1
[ERROR] 21:09:26:09s: wrong sign for f = 1. expected -1 = 1 * -1 but got -1
[ERROR] 21:09:26:09s: wrong sign for f = 0. expected 1 = -1 * -1 but got 1
[ERROR] 21:09:26:09s: wrong sign for f = 1. expected -1 = 1 * -1 but got -1
[ERROR] 21:09:26:09s: wrong sign for f = 0. expected 1 = -1 * -1 but got 1
[ERROR] 21:09:26:09s: wrong sign for f = 1. expected -1 = 1 * -1 but got -1
[ERROR] 21:09:26:09s: wrong sign for f = 0. expected 1 = -1 * -1 but got 1
[ERROR] 21:09:26:09s: wrong sign for f = 1. expected -1 = 1 * -1 but got -1
[ERROR] 21:09:26:09s: wrong sign for f = 0. expected 1 = -1 * -1 but got 1
[ERROR] 21:09:26:09s: wrong sign for f = 1. expected -1 = 1 * -1 but got -1
[ERROR] 21:09:26:09s: wrong sign for f = 0. expected 1 = -1 * -1 but got 1
[ERROR] 21:09:26:09s: wrong sign for f = 1. expected -1 = 1 * -1 but got -1
[ERROR] 21:09:26:09s: wrong sign for f = 0. expected 1 = -1 * -1 but got 1
[ERROR] 21:09:26:09s: wrong sign for f = 1. expected -1 = 1 * -1 but got -1
[ERROR] 21:09:26:09s: wrong sign for f = 0. expected 1 = -1 * -1 but got 1
[ERROR] 21:09:26:09s: wrong sign for f = 1. expected -1 = 1 * -1 but got -1
[ERROR] 21:09:26:09s: wrong sign for f = 0. expected 1 = -1 * -1 but got 1
[ERROR] 21:09:26:09s: wrong sign for f = 1. expected -1 = 1 * -1 but got -1
[ERROR] 21:09:26:09s: wrong sign for f = 0. expected 1 = -1 * -1 but got 1
[ERROR] 21:09:26:09s: wrong sign for f = 1. expected -1 = 1 * -1 but got -1
[ERROR] 21:09:26:09s: wrong sign for f = 0. expected 1 = -1 * -1 but got 1
[ERROR] 21:09:26:09s: wrong sign for f = 1. expected -1 = 1 * -1 but got -1
[ERROR] 21:09:26:09s: wrong sign for f = 0. expected 1 = -1 * -1 but got 1
[ERROR] 21:09:26:09s: wrong sign for f = 1. expected -1 = 1 * -1 but got -1
[ERROR] 21:09:26:09s: wrong sign for f = 0. expected 1 = -1 * -1 but got 1
[ERROR] 21:09:26:09s: wrong sign for f = 1. expected -1 = 1 * -1 but got -1
[ERROR] 21:09:26:09s: wrong sign for f = 0. expected 1 = -1 * -1 but got 1
[ERROR] 21:09:26:09s: wrong sign for f = 1. expected -1 = 1 * -1 but got -1
[ERROR] 21:09:26:09s: wrong sign for f = 0. expected 1 = -1 * -1 but got 1
[ERROR] 21:09:26:09s: wrong sign for f = 1. expected -1 = 1 * -1 but got -1
[ERROR] 21:09:26:09s: wrong sign for f = 0. expected 1 = -1 * -1 but got 1
[ERROR] 21:09:26:09s: wrong sign for f = 1. expected -1 = 1 * -1 but got -1
[ERROR] 21:09:26:09s: wrong sign for f = 0. expected 1 = -1 * -1 but got 1
[ERROR] 21:09:26:09s: wrong sign for f = 1. expected -1 = 1 * -1 but got -1
[ERROR] 21:09:26:09s: wrong sign for f = 0. expected 1 = -1 * -1 but got 1
[ERROR] 21:09:26:09s: wrong sign for f = 1. expected -1 = 1 * -1 but got -1
[ERROR] 21:09:26:09s: wrong sign for f = 0. expected 1 = -1 * -1 but got 1
[ERROR] 21:09:26:09s: wrong sign for f = 1. expected -1 = 1 * -1 but got -1
[ERROR] 21:09:26:09s: wrong sign for f = 0. expected 1 = -1 * -1 but got 1
[ERROR] 21:09:26:09s: wrong sign for f = 1. expected 1 = 1 * 1 but got -1
[ERROR] 21:09:26:09s: wrong sign for f = 0. expected 1 = -1 * -1 but got 1
[ERROR] 21:09:26:09s: wrong sign for f = 1. expected 1 = 1 * 1 but got -1
[ERROR] 21:09:26:09s: wrong sign for f = 0. expected 1 = -1 * -1 but got 1
[ERROR] 21:09:26:09s: wrong sign for f = 1. expected 1 = 1 * 1 but got -1
[ERROR] 21:09:26:09s: wrong sign for f = 0. expected 1 = -1 * -1 but got 1
[ERROR] 21:09:26:09s: wrong sign for f = 1. expected 1 = 1 * 1 but got -1
[ERROR] 21:09:26:09s: wrong sign for f = 0. expected 1 = -1 * -1 but got 1
[ERROR] 21:09:26:09s: wrong sign for f = 1. expected 1 = 1 * 1 but got -1
[ERROR] 21:09:26:09s: wrong sign for f = 0. expected 1 = -1 * -1 but got 1
[ERROR] 21:09:26:09s: wrong sign for f = 1. expected 1 = 1 * 1 but got -1
[ERROR] 21:09:26:09s: wrong sign for f = 0. expected 1 = -1 * -1 but got 1
[ERROR] 21:09:26:09s: wrong sign for f = 1. expected 1 = 1 * 1 but got -1
[ERROR] 21:09:26:09s: wrong sign for f = 0. expected 1 = -1 * -1 but got 1
[ERROR] 21:09:26:09s: wrong sign for f = 1. expected 1 = 1 * 1 but got -1
[ERROR] 21:09:26:09s: wrong sign for f = 0. expected 1 = -1 * -1 but got 1
[ERROR] 21:09:26:09s: wrong sign for f = 1. expected -1 = 1 * -1 but got -1
[ERROR] 21:09:26:09s: wrong sign for f = 0. expected 1 = -1 * -1 but got 1
[ERROR] 21:09:26:09s: wrong sign for f = 1. expected -1 = 1 * -1 but got -1
[ERROR] 21:09:26:09s: wrong sign for f = 0. expected 1 = -1 * -1 but got 1
[ERROR] 21:09:26:09s: wrong sign for f = 1. expected -1 = 1 * -1 but got -1
[ERROR] 21:09:26:09s: wrong sign for f = 0. expected 1 = -1 * -1 but got 1
[ERROR] 21:09:26:09s: wrong sign for f = 1. expected -1 = 1 * -1 but got -1
[ERROR] 21:09:26:09s: wrong sign for f = 0. expected 1 = -1 * -1 but got 1
[ERROR] 21:09:26:09s: wrong sign for f = 1. expected -1 = 1 * -1 but got -1
[ERROR] 21:09:26:09s: wrong sign for f = 0. expected 1 = -1 * -1 but got 1
[ERROR] 21:09:26:09s: wrong sign for f = 1. expected -1 = 1 * -1 but got -1
[ERROR] 21:09:26:09s: wrong sign for f = 0. expected 1 = -1 * -1 but got 1
[ERROR] 21:09:26:09s: wrong sign for f = 1. expected -1 = 1 * -1 but got -1
[ERROR] 21:09:26:09s: wrong sign for f = 0. expected 1 = -1 * -1 but got 1
[ERROR] 21:09:26:09s: wrong sign for f = 1. expected -1 = 1 * -1 but got -1
[ERROR] 21:09:26:09s: wrong sign for f = 0. expected 1 = -1 * -1 but got 1
[ERROR] 21:09:26:09s: wrong sign for f = 1. expected -1 = 1 * -1 but got -1
[ERROR] 21:09:26:09s: wrong sign for f = 0. expected 1 = -1 * -1 but got 1
[ERROR] 21:09:26:09s: wrong sign for f = 1. expected -1 = 1 * -1 but got -1
[ERROR] 21:09:26:09s: wrong sign for f = 0. expected 1 = -1 * -1 but got 1
[ERROR] 21:09:26:09s: wrong sign for f = 1. expected -1 = 1 * -1 but got -1
[ERROR] 21:09:26:09s: wrong sign for f = 0. expected 1 = -1 * -1 but got 1
[ERROR] 21:09:26:09s: wrong sign for f = 1. expected -1 = 1 * -1 but got -1
[ERROR] 21:09:26:09s: wrong sign for f = 0. expected 1 = -1 * -1 but got 1
[ERROR] 21:09:26:09s: wrong sign for f = 1. expected -1 = 1 * -1 but got -1
[ERROR] 21:09:26:09s: wrong sign for f = 0. expected 1 = -1 * -1 but got 1
[ERROR] 21:09:26:09s: wrong sign for f = 1. expected -1 = 1 * -1 but got -1
[ERROR] 21:09:26:09s: wrong sign for f = 0. expected 1 = -1 * -1 but got 1
[ERROR] 21:09:26:09s: wrong sign for f = 1. expected -1 = 1 * -1 but got -1
[ERROR] 21:09:26:09s: wrong sign for f = 0. expected 1 = -1 * -1 but got 1
[ERROR] 21:09:26:09s: wrong sign for f = 1. expected -1 = 1 * -1 but got -1
[ERROR] 21:09:26:09s: wrong sign for f = 0. expected 1 = -1 * -1 but got 1
[ERROR] 21:09:26:09s: wrong sign for f = 1. expected -1 = 1 * -1 but got -1
[ERROR] 21:09:26:09s: wrong sign for f = 0. expected 1 = -1 * -1 but got 1
[ERROR] 21:09:26:09s: wrong sign for f = 1. expected -1 = 1 * -1 but got -1
[ERROR] 21:09:26:09s: wrong sign for f = 0. expected 1 = -1 * -1 but got 1
[ERROR] 21:09:26:09s: wrong sign for f = 1. expected -1 = 1 * -1 but got -1
[ERROR] 21:09:26:09s: wrong sign for f = 0. expected 1 = -1 * -1 but got 1
[ERROR] 21:09:26:09s: wrong sign for f = 1. expected -1 = 1 * -1 but got -1
[ERROR] 21:09:26:09s: wrong sign for f = 0. expected 1 = -1 * -1 but got 1
[ERROR] 21:09:26:09s: wrong sign for f = 1. expected -1 = 1 * -1 but got -1
[ERROR] 21:09:26:09s: wrong sign for f = 0. expected 1 = -1 * -1 but got 1
[ERROR] 21:09:26:09s: wrong sign for f = 1. expected -1 = 1 * -1 but got -1
[ERROR] 21:09:26:09s: wrong sign for f = 0. expected 1 = -1 * -1 but got 1
[ERROR] 21:09:26:09s: wrong sign for f = 1. expected -1 = 1 * -1 but got -1
[ERROR] 21:09:26:09s: wrong sign for f = 0. expected 1 = -1 * -1 but got 1
[ERROR] 21:09:26:09s: wrong sign for f = 1. expected -1 = 1 * -1 but got -1
[ERROR] 21:09:26:09s: wrong sign for f = 0. expected 1 = -1 * -1 but got 1
[ERROR] 21:09:26:09s: wrong sign for f = 1. expected -1 = 1 * -1 but got -1
[ERROR] 21:09:26:09s: wrong sign for f = 0. expected 1 = -1 * -1 but got 1
[ERROR] 21:09:26:09s: wrong sign for f = 1. expected -1 = 1 * -1 but got -1
[ERROR] 21:09:26:09s: wrong sign for f = 0. expected 1 = -1 * -1 but got 1
[ERROR] 21:09:26:09s: wrong sign for f = 1. expected -1 = 1 * -1 but got -1
[ERROR] 21:09:26:09s: wrong sign for f = 0. expected 1 = -1 * -1 but got 1
[ERROR] 21:09:26:09s: wrong sign for f = 1. expected -1 = 1 * -1 but got -1
[ERROR] 21:09:26:09s: wrong sign for f = 0. expected 1 = -1 * -1 but got 1
[ERROR] 21:09:26:09s: wrong sign for f = 1. expected -1 = 1 * -1 but got -1
[ERROR] 21:09:26:09s: wrong sign for f = 0. expected 1 = -1 * -1 but got 1
[ERROR] 21:09:26:09s: wrong sign for f = 1. expected -1 = 1 * -1 but got -1
[ERROR] 21:09:26:09s: wrong sign for f = 0. expected 1 = -1 * -1 but got 1
[ERROR] 21:09:26:09s: wrong sign for f = 1. expected -1 = 1 * -1 but got -1
[ERROR] 21:09:26:09s: wrong sign for f = 0. expected 1 = -1 * -1 but got 1
[ERROR] 21:09:26:09s: wrong sign for f = 1. expected -1 = 1 * -1 but got -1
[ERROR] 21:09:26:09s: wrong sign for f = 0. expected 1 = -1 * -1 but got 1
[ERROR] 21:09:26:09s: wrong sign for f = 1. expected -1 = 1 * -1 but got -1
[INFO ] 21:09:26:09s: MC Walker [0] at  (80%) of iteration 1. expansion order: 0
[ERROR] 21:09:26:09s: wrong sign for f = 0. expected 1 = -1 * -1 but got 1
[ERROR] 21:09:26:09s: wrong sign for f = 1. expected -1 = 1 * -1 but got -1
[ERROR] 21:09:26:09s: wrong sign for f = 0. expected 1 = -1 * -1 but got 1
[ERROR] 21:09:26:09s: wrong sign for f = 1. expected -1 = 1 * -1 but got -1
[ERROR] 21:09:26:09s: wrong sign for f = 0. expected 1 = -1 * -1 but got 1
[ERROR] 21:09:26:09s: wrong sign for f = 1. expected -1 = 1 * -1 but got -1
[ERROR] 21:09:26:09s: wrong sign for f = 0. expected 1 = -1 * -1 but got 1
[ERROR] 21:09:26:09s: wrong sign for f = 1. expected -1 = 1 * -1 but got -1
[ERROR] 21:09:26:09s: wrong sign for f = 0. expected 1 = -1 * -1 but got 1
[ERROR] 21:09:26:09s: wrong sign for f = 1. expected -1 = 1 * -1 but got -1
[ERROR] 21:09:26:09s: wrong sign for f = 0. expected 1 = -1 * -1 but got 1
[ERROR] 21:09:26:09s: wrong sign for f = 1. expected -1 = 1 * -1 but got -1
[ERROR] 21:09:26:09s: wrong sign for f = 0. expected 1 = -1 * -1 but got 1
[ERROR] 21:09:26:09s: wrong sign for f = 1. expected -1 = 1 * -1 but got -1
[ERROR] 21:09:26:09s: wrong sign for f = 0. expected 1 = -1 * -1 but got 1
[ERROR] 21:09:26:09s: wrong sign for f = 1. expected -1 = 1 * -1 but got -1
[ERROR] 21:09:26:09s: wrong sign for f = 0. expected 1 = -1 * -1 but got 1
[ERROR] 21:09:26:09s: wrong sign for f = 1. expected -1 = 1 * -1 but got -1
[ERROR] 21:09:26:09s: wrong sign for f = 0. expected 1 = -1 * -1 but got 1
[ERROR] 21:09:26:09s: wrong sign for f = 1. expected -1 = 1 * -1 but got -1
[ERROR] 21:09:26:09s: wrong sign for f = 0. expected 1 = -1 * -1 but got 1
[ERROR] 21:09:26:09s: wrong sign for f = 1. expected -1 = 1 * -1 but got -1
[ERROR] 21:09:26:09s: wrong sign for f = 0. expected 1 = -1 * -1 but got 1
[ERROR] 21:09:26:09s: wrong sign for f = 1. expected -1 = 1 * -1 but got -1
[ERROR] 21:09:26:09s: wrong sign for f = 0. expected 1 = -1 * -1 but got 1
[ERROR] 21:09:26:09s: wrong sign for f = 1. expected -1 = 1 * -1 but got -1
[ERROR] 21:09:26:09s: wrong sign for f = 0. expected 1 = -1 * -1 but got 1
[ERROR] 21:09:26:09s: wrong sign for f = 1. expected -1 = 1 * -1 but got -1
[ERROR] 21:09:26:09s: wrong sign for f = 0. expected 1 = -1 * -1 but got 1
[ERROR] 21:09:26:09s: wrong sign for f = 1. expected -1 = 1 * -1 but got -1
[ERROR] 21:09:26:09s: wrong sign for f = 0. expected 1 = -1 * -1 but got 1
[ERROR] 21:09:26:09s: wrong sign for f = 1. expected -1 = 1 * -1 but got -1
[ERROR] 21:09:26:09s: wrong sign for f = 0. expected 1 = -1 * -1 but got 1
[ERROR] 21:09:26:09s: wrong sign for f = 1. expected -1 = 1 * -1 but got -1
[ERROR] 21:09:26:09s: wrong sign for f = 0. expected 1 = -1 * -1 but got 1
[ERROR] 21:09:26:09s: wrong sign for f = 1. expected -1 = 1 * -1 but got -1
[ERROR] 21:09:26:09s: wrong sign for f = 0. expected 1 = -1 * -1 but got 1
[ERROR] 21:09:26:09s: wrong sign for f = 1. expected -1 = 1 * -1 but got -1
[ERROR] 21:09:26:09s: wrong sign for f = 0. expected 1 = -1 * -1 but got 1
[ERROR] 21:09:26:09s: wrong sign for f = 1. expected -1 = 1 * -1 but got -1
[ERROR] 21:09:26:09s: wrong sign for f = 0. expected 1 = -1 * -1 but got 1
[ERROR] 21:09:26:09s: wrong sign for f = 1. expected -1 = 1 * -1 but got -1
[ERROR] 21:09:26:09s: wrong sign for f = 0. expected 1 = -1 * -1 but got 1
[ERROR] 21:09:26:09s: wrong sign for f = 1. expected -1 = 1 * -1 but got -1
[ERROR] 21:09:26:09s: wrong sign for f = 0. expected 1 = -1 * -1 but got 1
[ERROR] 21:09:26:09s: wrong sign for f = 1. expected -1 = 1 * -1 but got -1
[ERROR] 21:09:26:09s: wrong sign for f = 0. expected 1 = -1 * -1 but got 1
[ERROR] 21:09:26:09s: wrong sign for f = 1. expected -1 = 1 * -1 but got -1
[ERROR] 21:09:26:09s: wrong sign for f = 0. expected 1 = -1 * -1 but got 1
[ERROR] 21:09:26:09s: wrong sign for f = 1. expected -1 = 1 * -1 but got -1
[ERROR] 21:09:26:09s: wrong sign for f = 0. expected 1 = -1 * -1 but got 1
[ERROR] 21:09:26:09s: wrong sign for f = 1. expected -1 = 1 * -1 but got -1
[ERROR] 21:09:26:09s: wrong sign for f = 0. expected 1 = -1 * -1 but got 1
[ERROR] 21:09:26:09s: wrong sign for f = 1. expected -1 = 1 * -1 but got -1
[ERROR] 21:09:26:09s: wrong sign for f = 0. expected 1 = -1 * -1 but got 1
[ERROR] 21:09:26:09s: wrong sign for f = 1. expected -1 = 1 * -1 but got -1
[ERROR] 21:09:26:09s: wrong sign for f = 0. expected 1 = -1 * -1 but got 1
[ERROR] 21:09:26:09s: wrong sign for f = 1. expected -1 = 1 * -1 but got -1
[ERROR] 21:09:26:09s: wrong sign for f = 0. expected 1 = -1 * -1 but got 1
[ERROR] 21:09:26:09s: wrong sign for f = 1. expected -1 = 1 * -1 but got -1
[ERROR] 21:09:26:09s: wrong sign for f = 0. expected 1 = -1 * -1 but got 1
[ERROR] 21:09:26:09s: wrong sign for f = 1. expected -1 = 1 * -1 but got -1
[ERROR] 21:09:26:09s: wrong sign for f = 0. expected 1 = -1 * -1 but got 1
[ERROR] 21:09:26:09s: wrong sign for f = 1. expected -1 = 1 * -1 but got -1
[ERROR] 21:09:26:09s: wrong sign for f = 0. expected 1 = -1 * -1 but got 1
[ERROR] 21:09:26:09s: wrong sign for f = 1. expected -1 = 1 * -1 but got -1
[ERROR] 21:09:26:09s: wrong sign for f = 0. expected 1 = -1 * -1 but got 1
[ERROR] 21:09:26:09s: wrong sign for f = 1. expected -1 = 1 * -1 but got -1
[ERROR] 21:09:26:09s: wrong sign for f = 0. expected 1 = -1 * -1 but got 1
[ERROR] 21:09:26:09s: wrong sign for f = 1. expected -1 = 1 * -1 but got -1
[ERROR] 21:09:26:09s: wrong sign for f = 0. expected 1 = -1 * -1 but got 1
[ERROR] 21:09:26:09s: wrong sign for f = 1. expected -1 = 1 * -1 but got -1
[ERROR] 21:09:26:09s: wrong sign for f = 0. expected 1 = -1 * -1 but got 1
[ERROR] 21:09:26:09s: wrong sign for f = 1. expected -1 = 1 * -1 but got -1
[ERROR] 21:09:26:09s: wrong sign for f = 0. expected 1 = -1 * -1 but got 1
[ERROR] 21:09:26:09s: wrong sign for f = 1. expected -1 = 1 * -1 but got -1
[ERROR] 21:09:26:09s: wrong sign for f = 0. expected 1 = -1 * -1 but got 1
[ERROR] 21:09:26:09s: wrong sign for f = 1. expected -1 = 1 * -1 but got -1
[ERROR] 21:09:26:09s: wrong sign for f = 0. expected 1 = -1 * -1 but got 1
[ERROR] 21:09:26:09s: wrong sign for f = 1. expected -1 = 1 * -1 but got -1
[ERROR] 21:09:26:09s: wrong sign for f = 0. expected 1 = -1 * -1 but got 1
[ERROR] 21:09:26:09s: wrong sign for f = 1. expected -1 = 1 * -1 but got -1
[ERROR] 21:09:26:09s: wrong sign for f = 0. expected 1 = -1 * -1 but got 1
[ERROR] 21:09:26:09s: wrong sign for f = 1. expected -1 = 1 * -1 but got -1
[ERROR] 21:09:26:09s: wrong sign for f = 0. expected 1 = -1 * -1 but got 1
[ERROR] 21:09:26:09s: wrong sign for f = 1. expected -1 = 1 * -1 but got -1
[ERROR] 21:09:26:09s: wrong sign for f = 0. expected 1 = -1 * -1 but got 1
[ERROR] 21:09:26:09s: wrong sign for f = 1. expected -1 = 1 * -1 but got -1
[ERROR] 21:09:26:09s: wrong sign for f = 0. expected 1 = -1 * -1 but got 1
[ERROR] 21:09:26:09s: wrong sign for f = 1. expected -1 = 1 * -1 but got -1
[ERROR] 21:09:26:09s: wrong sign for f = 0. expected 1 = -1 * -1 but got 1
[ERROR] 21:09:26:09s: wrong sign for f = 1. expected -1 = 1 * -1 but got -1
[ERROR] 21:09:26:09s: wrong sign for f = 0. expected 1 = -1 * -1 but got 1
[ERROR] 21:09:26:09s: wrong sign for f = 1. expected -1 = 1 * -1 but got -1
[ERROR] 21:09:26:09s: wrong sign for f = 0. expected 1 = -1 * -1 but got 1
[ERROR] 21:09:26:09s: wrong sign for f = 1. expected -1 = 1 * -1 but got -1
[ERROR] 21:09:26:09s: wrong sign for f = 0. expected 1 = -1 * -1 but got 1
[ERROR] 21:09:26:09s: wrong sign for f = 1. expected -1 = 1 * -1 but got -1
[ERROR] 21:09:26:09s: wrong sign for f = 0. expected 1 = -1 * -1 but got 1
[ERROR] 21:09:26:09s: wrong sign for f = 1. expected -1 = 1 * -1 but got -1
[ERROR] 21:09:26:09s: wrong sign for f = 0. expected 1 = -1 * -1 but got 1
[ERROR] 21:09:26:09s: wrong sign for f = 1. expected -1 = 1 * -1 but got -1
[ERROR] 21:09:26:09s: wrong sign for f = 0. expected 1 = -1 * -1 but got 1
[ERROR] 21:09:26:09s: wrong sign for f = 1. expected -1 = 1 * -1 but got -1
[ERROR] 21:09:26:09s: wrong sign for f = 0. expected 1 = -1 * -1 but got 1
[ERROR] 21:09:26:09s: wrong sign for f = 1. expected -1 = 1 * -1 but got -1
[ERROR] 21:09:26:09s: wrong sign for f = 0. expected 1 = -1 * -1 but got 1
[ERROR] 21:09:26:09s: wrong sign for f = 1. expected -1 = 1 * -1 but got -1
[ERROR] 21:09:26:09s: wrong sign for f = 0. expected 1 = -1 * -1 but got 1
[ERROR] 21:09:26:09s: wrong sign for f = 1. expected -1 = 1 * -1 but got -1
[ERROR] 21:09:26:09s: wrong sign for f = 0. expected 1 = -1 * -1 but got 1
[ERROR] 21:09:26:09s: wrong sign for f = 1. expected -1 = 1 * -1 but got -1
[ERROR] 21:09:26:09s: wrong sign for f = 0. expected 1 = -1 * -1 but got 1
[ERROR] 21:09:26:09s: wrong sign for f = 1. expected -1 = 1 * -1 but got -1
[ERROR] 21:09:26:09s: wrong sign for f = 0. expected 1 = -1 * -1 but got 1
[ERROR] 21:09:26:09s: wrong sign for f = 1. expected -1 = 1 * -1 but got -1
[ERROR] 21:09:26:09s: wrong sign for f = 0. expected 1 = -1 * -1 but got 1
[ERROR] 21:09:26:09s: wrong sign for f = 1. expected -1 = 1 * -1 but got -1
[ERROR] 21:09:26:09s: wrong sign for f = 0. expected 1 = -1 * -1 but got 1
[ERROR] 21:09:26:09s: wrong sign for f = 1. expected -1 = 1 * -1 but got -1
[INFO ] 21:09:26:09s: MC Walker [0] at  (100%) of iteration 1. expansion order: 0
[INFO ] 21:09:26:09s: finished sampling. average expansion order: 0
[INFO ] 21:09:26:09s: measuring impurity Greens function
[DEBUG] 21:09:26:09s@void DMFT::StrongCoupling::computeImpGF(): steps: 300, vs total sign: 300
[INFO ] 21:09:26:09s: forcing paramagnetic solution
[INFO ] 21:09:26:09s: Writing results
[INFO ] 21:09:26:09s: Computing new Weiss Green's function
[INFO ] 21:12:31:12s: Setting hybridization function from Weiss function guess.
[WARN ] 21:12:31:12s: unexpected tail coefficient (Self energy flag not set?), only symmetric GF tested! Expected 1, got 0.249999
[WARN ] 21:12:31:12s: unexpected tail coefficient (Self energy flag not set?), only symmetric GF tested! Expected 1, got 0.249999
[INFO ] 21:12:31:12s: initializing rank 0. isGenerator ==1
[INFO ] 21:12:31:12s: MC Walker [0] at  (20%) of iteration 1. expansion order: 0
[INFO ] 21:12:31:12s: MC Walker [0] at  (40%) of iteration 1. expansion order: 0
[INFO ] 21:12:31:12s: MC Walker [0] at  (60%) of iteration 1. expansion order: 0
[INFO ] 21:12:31:12s: MC Walker [0] at  (80%) of iteration 1. expansion order: 0
[INFO ] 21:12:31:12s: MC Walker [0] at  (100%) of iteration 1. expansion order: 0
[INFO ] 21:12:31:12s: finished sampling. average expansion order: 0
[INFO ] 21:12:31:12s: measuring impurity Greens function
[DEBUG] 21:12:31:12s@void DMFT::StrongCoupling::computeImpGF(): steps: 300, vs total sign: 300
[INFO ] 21:12:31:12s: forcing paramagnetic solution
[INFO ] 21:12:31:12s: Writing results
[INFO ] 21:12:31:12s: Computing new Weiss Green's function
